10-Feb-2026 08:33:45.089 INFO [Catalina-utility-1] org.apache.catalina.startup.HostConfig.undeploy Undeploying context [/Deliverit-1.11]
10-Feb-2026 08:34:45.133 INFO [Catalina-utility-1] org.apache.catalina.startup.HostConfig.deployWAR Deploying web application archive [/Users/sahilpatel/Code/DeliverIt/apache-tomcat-10.1.49/webapps/Deliverit-2.0.war]
10-Feb-2026 08:34:45.160 INFO [Catalina-utility-1] org.apache.catalina.startup.HostConfig.deployWAR Deployment of web application archive [/Users/sahilpatel/Code/DeliverIt/apache-tomcat-10.1.49/webapps/Deliverit-2.0.war] has finished in [27] ms
10-Feb-2026 09:06:46.131 INFO [Catalina-utility-2] org.apache.catalina.startup.HostConfig.deployWAR Deploying web application archive [/Users/sahilpatel/Code/DeliverIt/apache-tomcat-10.1.49/webapps/Deliverit-2.1.war]
10-Feb-2026 09:06:46.171 INFO [Catalina-utility-2] org.apache.catalina.startup.HostConfig.deployWAR Deployment of web application archive [/Users/sahilpatel/Code/DeliverIt/apache-tomcat-10.1.49/webapps/Deliverit-2.1.war] has finished in [40] ms
10-Feb-2026 09:09:56.294 INFO [Catalina-utility-1] org.apache.catalina.startup.HostConfig.deployWAR Deploying web application archive [/Users/sahilpatel/Code/DeliverIt/apache-tomcat-10.1.49/webapps/Deliverit-2.2.war]
10-Feb-2026 09:09:56.326 INFO [Catalina-utility-1] org.apache.catalina.startup.HostConfig.deployWAR Deployment of web application archive [/Users/sahilpatel/Code/DeliverIt/apache-tomcat-10.1.49/webapps/Deliverit-2.2.war] has finished in [32] ms
10-Feb-2026 09:17:46.590 INFO [Catalina-utility-1] org.apache.catalina.startup.HostConfig.deployWAR Deploying web application archive [/Users/sahilpatel/Code/DeliverIt/apache-tomcat-10.1.49/webapps/Deliverit-2.3.war]
10-Feb-2026 09:17:46.691 INFO [Catalina-utility-1] org.apache.jasper.servlet.TldScanner.scanJars At least one JAR was scanned for TLDs yet contained no TLDs. Enable debug logging for this logger for a complete list of JARs that were scanned but no TLDs were found in them. Skipping unneeded JARs during scanning can improve startup time and JSP compilation time.
10-Feb-2026 09:17:46.691 INFO [Catalina-utility-1] org.apache.catalina.startup.HostConfig.deployWAR Deployment of web application archive [/Users/sahilpatel/Code/DeliverIt/apache-tomcat-10.1.49/webapps/Deliverit-2.3.war] has finished in [101] ms
10-Feb-2026 09:24:33.489 INFO [main] org.apache.catalina.core.StandardServer.await A valid shutdown command was received via the shutdown port. Stopping the Server instance.
10-Feb-2026 09:24:33.490 INFO [main] org.apache.coyote.AbstractProtocol.pause Pausing ProtocolHandler ["http-nio-8080"]
10-Feb-2026 09:24:33.496 INFO [main] org.apache.catalina.core.StandardService.stopInternal Stopping service [Catalina]
10-Feb-2026 09:24:33.511 INFO [main] org.apache.coyote.AbstractProtocol.stop Stopping ProtocolHandler ["http-nio-8080"]
10-Feb-2026 09:24:33.524 INFO [main] org.apache.coyote.AbstractProtocol.destroy Destroying ProtocolHandler ["http-nio-8080"]
10-Feb-2026 09:24:41.238 INFO [main] org.apache.catalina.startup.VersionLoggerListener.log Server version name:   Apache Tomcat/10.1.49
10-Feb-2026 09:24:41.239 INFO [main] org.apache.catalina.startup.VersionLoggerListener.log Server built:          Nov 6 2025 01:31:11 UTC
10-Feb-2026 09:24:41.239 INFO [main] org.apache.catalina.startup.VersionLoggerListener.log Server version number: 10.1.49.0
10-Feb-2026 09:24:41.239 INFO [main] org.apache.catalina.startup.VersionLoggerListener.log OS Name:               Mac OS X
10-Feb-2026 09:24:41.239 INFO [main] org.apache.catalina.startup.VersionLoggerListener.log OS Version:            26.2
10-Feb-2026 09:24:41.239 INFO [main] org.apache.catalina.startup.VersionLoggerListener.log Architecture:          aarch64
10-Feb-2026 09:24:41.239 INFO [main] org.apache.catalina.startup.VersionLoggerListener.log Java Home:             /Users/sahilpatel/Library/Java/JavaVirtualMachines/corretto-21.0.10/Contents/Home
10-Feb-2026 09:24:41.239 INFO [main] org.apache.catalina.startup.VersionLoggerListener.log JVM Version:           21.0.10+7-LTS
10-Feb-2026 09:24:41.239 INFO [main] org.apache.catalina.startup.VersionLoggerListener.log JVM Vendor:            Amazon.com Inc.
10-Feb-2026 09:24:41.239 INFO [main] org.apache.catalina.startup.VersionLoggerListener.log CATALINA_BASE:         /Users/sahilpatel/Code/DeliverIt/apache-tomcat-10.1.49
10-Feb-2026 09:24:41.239 INFO [main] org.apache.catalina.startup.VersionLoggerListener.log CATALINA_HOME:         /Users/sahilpatel/Code/DeliverIt/apache-tomcat-10.1.49
10-Feb-2026 09:24:41.245 INFO [main] org.apache.catalina.startup.VersionLoggerListener.log Command line argument: -Djava.util.logging.config.file=/Users/sahilpatel/code/DeliverIt/apache-tomcat-10.1.49/conf/logging.properties
10-Feb-2026 09:24:41.245 INFO [main] org.apache.catalina.startup.VersionLoggerListener.log Command line argument: -Djava.util.logging.manager=org.apache.juli.ClassLoaderLogManager
10-Feb-2026 09:24:41.245 INFO [main] org.apache.catalina.startup.VersionLoggerListener.log Command line argument: -Djdk.tls.ephemeralDHKeySize=2048
10-Feb-2026 09:24:41.245 INFO [main] org.apache.catalina.startup.VersionLoggerListener.log Command line argument: -Djava.protocol.handler.pkgs=org.apache.catalina.webresources
10-Feb-2026 09:24:41.245 INFO [main] org.apache.catalina.startup.VersionLoggerListener.log Command line argument: -Dsun.io.useCanonCaches=false
10-Feb-2026 09:24:41.245 INFO [main] org.apache.catalina.startup.VersionLoggerListener.log Command line argument: -Dorg.apache.catalina.security.SecurityListener.UMASK=0027
10-Feb-2026 09:24:41.246 INFO [main] org.apache.catalina.startup.VersionLoggerListener.log Command line argument: --add-opens=java.base/java.lang=ALL-UNNAMED
10-Feb-2026 09:24:41.246 INFO [main] org.apache.catalina.startup.VersionLoggerListener.log Command line argument: --add-opens=java.base/java.lang.reflect=ALL-UNNAMED
10-Feb-2026 09:24:41.246 INFO [main] org.apache.catalina.startup.VersionLoggerListener.log Command line argument: --add-opens=java.base/java.io=ALL-UNNAMED
10-Feb-2026 09:24:41.246 INFO [main] org.apache.catalina.startup.VersionLoggerListener.log Command line argument: --add-opens=java.base/java.util=ALL-UNNAMED
10-Feb-2026 09:24:41.246 INFO [main] org.apache.catalina.startup.VersionLoggerListener.log Command line argument: --add-opens=java.base/java.util.concurrent=ALL-UNNAMED
10-Feb-2026 09:24:41.246 INFO [main] org.apache.catalina.startup.VersionLoggerListener.log Command line argument: --add-opens=java.rmi/sun.rmi.transport=ALL-UNNAMED
10-Feb-2026 09:24:41.246 INFO [main] org.apache.catalina.startup.VersionLoggerListener.log Command line argument: -Dcatalina.base=/Users/sahilpatel/code/DeliverIt/apache-tomcat-10.1.49
10-Feb-2026 09:24:41.246 INFO [main] org.apache.catalina.startup.VersionLoggerListener.log Command line argument: -Dcatalina.home=/Users/sahilpatel/code/DeliverIt/apache-tomcat-10.1.49
10-Feb-2026 09:24:41.246 INFO [main] org.apache.catalina.startup.VersionLoggerListener.log Command line argument: -Djava.io.tmpdir=/Users/sahilpatel/code/DeliverIt/apache-tomcat-10.1.49/temp
10-Feb-2026 09:24:41.251 INFO [main] org.apache.catalina.core.AprLifecycleListener.lifecycleEvent The Apache Tomcat Native library which allows using OpenSSL was not found on the java.library.path: [/Users/sahilpatel/Library/Java/Extensions:/Library/Java/Extensions:/Network/Library/Java/Extensions:/System/Library/Java/Extensions:/usr/lib/java:.]
10-Feb-2026 09:24:41.347 INFO [main] org.apache.coyote.AbstractProtocol.init Initializing ProtocolHandler ["http-nio-8080"]
10-Feb-2026 09:24:41.357 INFO [main] org.apache.catalina.startup.Catalina.load Server initialization in [173] milliseconds
10-Feb-2026 09:24:41.369 INFO [main] org.apache.catalina.core.StandardService.startInternal Starting service [Catalina]
10-Feb-2026 09:24:41.369 INFO [main] org.apache.catalina.core.StandardEngine.startInternal Starting Servlet engine: [Apache Tomcat/10.1.49]
10-Feb-2026 09:24:41.374 INFO [main] org.apache.catalina.startup.HostConfig.deployWAR Deploying web application archive [/Users/sahilpatel/Code/DeliverIt/apache-tomcat-10.1.49/webapps/sample.war]
10-Feb-2026 09:24:41.459 INFO [main] org.apache.catalina.startup.HostConfig.deployWAR Deployment of web application archive [/Users/sahilpatel/Code/DeliverIt/apache-tomcat-10.1.49/webapps/sample.war] has finished in [85] ms
10-Feb-2026 09:24:41.460 INFO [main] org.apache.catalina.startup.HostConfig.deployWAR Deploying web application archive [/Users/sahilpatel/Code/DeliverIt/apache-tomcat-10.1.49/webapps/Deliverit-2.0.war]
10-Feb-2026 09:24:41.467 INFO [main] org.apache.catalina.startup.HostConfig.deployWAR Deployment of web application archive [/Users/sahilpatel/Code/DeliverIt/apache-tomcat-10.1.49/webapps/Deliverit-2.0.war] has finished in [7] ms
10-Feb-2026 09:24:41.468 INFO [main] org.apache.catalina.startup.HostConfig.deployWAR Deploying web application archive [/Users/sahilpatel/Code/DeliverIt/apache-tomcat-10.1.49/webapps/Deliverit-2.1.war]
10-Feb-2026 09:24:41.475 INFO [main] org.apache.catalina.startup.HostConfig.deployWAR Deployment of web application archive [/Users/sahilpatel/Code/DeliverIt/apache-tomcat-10.1.49/webapps/Deliverit-2.1.war] has finished in [7] ms
10-Feb-2026 09:24:41.476 INFO [main] org.apache.catalina.startup.HostConfig.deployWAR Deploying web application archive [/Users/sahilpatel/Code/DeliverIt/apache-tomcat-10.1.49/webapps/Deliverit-2.3.war]
10-Feb-2026 09:24:41.537 INFO [main] org.apache.jasper.servlet.TldScanner.scanJars At least one JAR was scanned for TLDs yet contained no TLDs. Enable debug logging for this logger for a complete list of JARs that were scanned but no TLDs were found in them. Skipping unneeded JARs during scanning can improve startup time and JSP compilation time.
10-Feb-2026 09:24:41.538 INFO [main] org.apache.catalina.startup.HostConfig.deployWAR Deployment of web application archive [/Users/sahilpatel/Code/DeliverIt/apache-tomcat-10.1.49/webapps/Deliverit-2.3.war] has finished in [62] ms
10-Feb-2026 09:24:41.538 INFO [main] org.apache.catalina.startup.HostConfig.deployWAR Deploying web application archive [/Users/sahilpatel/Code/DeliverIt/apache-tomcat-10.1.49/webapps/Deliverit-2.2.war]
10-Feb-2026 09:24:41.545 INFO [main] org.apache.catalina.startup.HostConfig.deployWAR Deployment of web application archive [/Users/sahilpatel/Code/DeliverIt/apache-tomcat-10.1.49/webapps/Deliverit-2.2.war] has finished in [7] ms
10-Feb-2026 09:24:41.545 INFO [main] org.apache.catalina.startup.HostConfig.deployDirectory Deploying web application directory [/Users/sahilpatel/Code/DeliverIt/apache-tomcat-10.1.49/webapps/docs]
10-Feb-2026 09:24:41.552 INFO [main] org.apache.catalina.startup.HostConfig.deployDirectory Deployment of web application directory [/Users/sahilpatel/Code/DeliverIt/apache-tomcat-10.1.49/webapps/docs] has finished in [7] ms
10-Feb-2026 09:24:41.552 INFO [main] org.apache.catalina.startup.HostConfig.deployDirectory Deploying web application directory [/Users/sahilpatel/Code/DeliverIt/apache-tomcat-10.1.49/webapps/manager]
10-Feb-2026 09:24:41.561 INFO [main] org.apache.catalina.startup.HostConfig.deployDirectory Deployment of web application directory [/Users/sahilpatel/Code/DeliverIt/apache-tomcat-10.1.49/webapps/manager] has finished in [9] ms
10-Feb-2026 09:24:41.561 INFO [main] org.apache.catalina.startup.HostConfig.deployDirectory Deploying web application directory [/Users/sahilpatel/Code/DeliverIt/apache-tomcat-10.1.49/webapps/examples]
10-Feb-2026 09:24:41.620 INFO [main] org.apache.catalina.startup.HostConfig.deployDirectory Deployment of web application directory [/Users/sahilpatel/Code/DeliverIt/apache-tomcat-10.1.49/webapps/examples] has finished in [58] ms
10-Feb-2026 09:24:41.620 INFO [main] org.apache.catalina.startup.HostConfig.deployDirectory Deploying web application directory [/Users/sahilpatel/Code/DeliverIt/apache-tomcat-10.1.49/webapps/ROOT]
10-Feb-2026 09:24:41.624 INFO [main] org.apache.catalina.startup.HostConfig.deployDirectory Deployment of web application directory [/Users/sahilpatel/Code/DeliverIt/apache-tomcat-10.1.49/webapps/ROOT] has finished in [4] ms
10-Feb-2026 09:24:41.624 INFO [main] org.apache.catalina.startup.HostConfig.deployDirectory Deploying web application directory [/Users/sahilpatel/Code/DeliverIt/apache-tomcat-10.1.49/webapps/host-manager]
10-Feb-2026 09:24:41.629 INFO [main] org.apache.catalina.startup.HostConfig.deployDirectory Deployment of web application directory [/Users/sahilpatel/Code/DeliverIt/apache-tomcat-10.1.49/webapps/host-manager] has finished in [5] ms
10-Feb-2026 09:24:41.630 INFO [main] org.apache.coyote.AbstractProtocol.start Starting ProtocolHandler ["http-nio-8080"]
10-Feb-2026 09:24:41.634 INFO [main] org.apache.catalina.startup.Catalina.start Server startup in [276] milliseconds
10-Feb-2026 09:28:21.782 INFO [Catalina-utility-2] org.apache.catalina.startup.HostConfig.deployWAR Deploying web application archive [/Users/sahilpatel/Code/DeliverIt/apache-tomcat-10.1.49/webapps/Deliverit-2.4.war]
10-Feb-2026 09:28:21.842 INFO [Catalina-utility-2] org.apache.jasper.servlet.TldScanner.scanJars At least one JAR was scanned for TLDs yet contained no TLDs. Enable debug logging for this logger for a complete list of JARs that were scanned but no TLDs were found in them. Skipping unneeded JARs during scanning can improve startup time and JSP compilation time.
10-Feb-2026 09:28:21.843 INFO [Catalina-utility-2] org.apache.catalina.startup.HostConfig.deployWAR Deployment of web application archive [/Users/sahilpatel/Code/DeliverIt/apache-tomcat-10.1.49/webapps/Deliverit-2.4.war] has finished in [61] ms
10-Feb-2026 09:28:22.400 INFO [main] org.apache.catalina.startup.VersionLoggerListener.log Server version name:   Apache Tomcat/10.1.49
10-Feb-2026 09:28:22.402 INFO [main] org.apache.catalina.startup.VersionLoggerListener.log Server built:          Nov 6 2025 01:31:11 UTC
10-Feb-2026 09:28:22.402 INFO [main] org.apache.catalina.startup.VersionLoggerListener.log Server version number: 10.1.49.0
10-Feb-2026 09:28:22.402 INFO [main] org.apache.catalina.startup.VersionLoggerListener.log OS Name:               Mac OS X
10-Feb-2026 09:28:22.402 INFO [main] org.apache.catalina.startup.VersionLoggerListener.log OS Version:            26.2
10-Feb-2026 09:28:22.402 INFO [main] org.apache.catalina.startup.VersionLoggerListener.log Architecture:          aarch64
10-Feb-2026 09:28:22.402 INFO [main] org.apache.catalina.startup.VersionLoggerListener.log Java Home:             /Users/sahilpatel/Library/Java/JavaVirtualMachines/corretto-21.0.10/Contents/Home
10-Feb-2026 09:28:22.402 INFO [main] org.apache.catalina.startup.VersionLoggerListener.log JVM Version:           21.0.10+7-LTS
10-Feb-2026 09:28:22.402 INFO [main] org.apache.catalina.startup.VersionLoggerListener.log JVM Vendor:            Amazon.com Inc.
10-Feb-2026 09:28:22.402 INFO [main] org.apache.catalina.startup.VersionLoggerListener.log CATALINA_BASE:         /Users/sahilpatel/Code/DeliverIt/apache-tomcat-10.1.49
10-Feb-2026 09:28:22.402 INFO [main] org.apache.catalina.startup.VersionLoggerListener.log CATALINA_HOME:         /Users/sahilpatel/Code/DeliverIt/apache-tomcat-10.1.49
10-Feb-2026 09:28:22.406 INFO [main] org.apache.catalina.startup.VersionLoggerListener.log Command line argument: -Djava.util.logging.config.file=/Users/sahilpatel/code/DeliverIt/apache-tomcat-10.1.49/conf/logging.properties
10-Feb-2026 09:28:22.406 INFO [main] org.apache.catalina.startup.VersionLoggerListener.log Command line argument: -Djava.util.logging.manager=org.apache.juli.ClassLoaderLogManager
10-Feb-2026 09:28:22.406 INFO [main] org.apache.catalina.startup.VersionLoggerListener.log Command line argument: -Djdk.tls.ephemeralDHKeySize=2048
10-Feb-2026 09:28:22.406 INFO [main] org.apache.catalina.startup.VersionLoggerListener.log Command line argument: -Djava.protocol.handler.pkgs=org.apache.catalina.webresources
10-Feb-2026 09:28:22.406 INFO [main] org.apache.catalina.startup.VersionLoggerListener.log Command line argument: -Dsun.io.useCanonCaches=false
10-Feb-2026 09:28:22.406 INFO [main] org.apache.catalina.startup.VersionLoggerListener.log Command line argument: -Dorg.apache.catalina.security.SecurityListener.UMASK=0027
10-Feb-2026 09:28:22.406 INFO [main] org.apache.catalina.startup.VersionLoggerListener.log Command line argument: --add-opens=java.base/java.lang=ALL-UNNAMED
10-Feb-2026 09:28:22.406 INFO [main] org.apache.catalina.startup.VersionLoggerListener.log Command line argument: --add-opens=java.base/java.lang.reflect=ALL-UNNAMED
10-Feb-2026 09:28:22.406 INFO [main] org.apache.catalina.startup.VersionLoggerListener.log Command line argument: --add-opens=java.base/java.io=ALL-UNNAMED
10-Feb-2026 09:28:22.406 INFO [main] org.apache.catalina.startup.VersionLoggerListener.log Command line argument: --add-opens=java.base/java.util=ALL-UNNAMED
10-Feb-2026 09:28:22.406 INFO [main] org.apache.catalina.startup.VersionLoggerListener.log Command line argument: --add-opens=java.base/java.util.concurrent=ALL-UNNAMED
10-Feb-2026 09:28:22.406 INFO [main] org.apache.catalina.startup.VersionLoggerListener.log Command line argument: --add-opens=java.rmi/sun.rmi.transport=ALL-UNNAMED
10-Feb-2026 09:28:22.406 INFO [main] org.apache.catalina.startup.VersionLoggerListener.log Command line argument: -Dcatalina.base=/Users/sahilpatel/code/DeliverIt/apache-tomcat-10.1.49
10-Feb-2026 09:28:22.406 INFO [main] org.apache.catalina.startup.VersionLoggerListener.log Command line argument: -Dcatalina.home=/Users/sahilpatel/code/DeliverIt/apache-tomcat-10.1.49
10-Feb-2026 09:28:22.406 INFO [main] org.apache.catalina.startup.VersionLoggerListener.log Command line argument: -Djava.io.tmpdir=/Users/sahilpatel/code/DeliverIt/apache-tomcat-10.1.49/temp
10-Feb-2026 09:28:22.409 INFO [main] org.apache.catalina.core.AprLifecycleListener.lifecycleEvent The Apache Tomcat Native library which allows using OpenSSL was not found on the java.library.path: [/Users/sahilpatel/Library/Java/Extensions:/Library/Java/Extensions:/Network/Library/Java/Extensions:/System/Library/Java/Extensions:/usr/lib/java:.]
10-Feb-2026 09:28:22.499 INFO [main] org.apache.coyote.AbstractProtocol.init Initializing ProtocolHandler ["http-nio-8080"]
10-Feb-2026 09:28:22.505 SEVERE [main] org.apache.catalina.util.LifecycleBase.handleSubClassException Failed to initialize component [Connector["http-nio-8080"]]
	org.apache.catalina.LifecycleException: Protocol handler initialization failed
		at org.apache.catalina.connector.Connector.initInternal(Connector.java:1073)
		at org.apache.catalina.util.LifecycleBase.init(LifecycleBase.java:122)
		at org.apache.catalina.core.StandardService.initInternal(StandardService.java:520)
		at org.apache.catalina.util.LifecycleBase.init(LifecycleBase.java:122)
		at org.apache.catalina.core.StandardServer.initInternal(StandardServer.java:955)
		at org.apache.catalina.util.LifecycleBase.init(LifecycleBase.java:122)
		at org.apache.catalina.startup.Catalina.load(Catalina.java:709)
		at org.apache.catalina.startup.Catalina.load(Catalina.java:732)
		at java.base/jdk.internal.reflect.DirectMethodHandleAccessor.invoke(DirectMethodHandleAccessor.java:103)
		at java.base/java.lang.reflect.Method.invoke(Method.java:580)
		at org.apache.catalina.startup.Bootstrap.load(Bootstrap.java:299)
		at org.apache.catalina.startup.Bootstrap.main(Bootstrap.java:472)
	Caused by: java.net.BindException: Address already in use
		at java.base/sun.nio.ch.Net.bind0(Native Method)
		at java.base/sun.nio.ch.Net.bind(Net.java:577)
		at java.base/sun.nio.ch.ServerSocketChannelImpl.netBind(ServerSocketChannelImpl.java:344)
		at java.base/sun.nio.ch.ServerSocketChannelImpl.bind(ServerSocketChannelImpl.java:301)
		at org.apache.tomcat.util.net.NioEndpoint.initServerSocket(NioEndpoint.java:264)
		at org.apache.tomcat.util.net.NioEndpoint.bind(NioEndpoint.java:219)
		at org.apache.tomcat.util.net.AbstractEndpoint.bindWithCleanup(AbstractEndpoint.java:1398)
		at org.apache.tomcat.util.net.AbstractEndpoint.init(AbstractEndpoint.java:1411)
		at org.apache.coyote.AbstractProtocol.init(AbstractProtocol.java:633)
		at org.apache.coyote.http11.AbstractHttp11Protocol.init(AbstractHttp11Protocol.java:82)
		at org.apache.catalina.connector.Connector.initInternal(Connector.java:1071)
		... 11 more
10-Feb-2026 09:28:22.505 INFO [main] org.apache.catalina.startup.Catalina.load Server initialization in [156] milliseconds
10-Feb-2026 09:28:22.516 INFO [main] org.apache.catalina.core.StandardService.startInternal Starting service [Catalina]
10-Feb-2026 09:28:22.516 INFO [main] org.apache.catalina.core.StandardEngine.startInternal Starting Servlet engine: [Apache Tomcat/10.1.49]
10-Feb-2026 09:28:22.520 INFO [main] org.apache.catalina.startup.HostConfig.deployWAR Deploying web application archive [/Users/sahilpatel/Code/DeliverIt/apache-tomcat-10.1.49/webapps/sample.war]
10-Feb-2026 09:28:22.603 INFO [main] org.apache.catalina.startup.HostConfig.deployWAR Deployment of web application archive [/Users/sahilpatel/Code/DeliverIt/apache-tomcat-10.1.49/webapps/sample.war] has finished in [83] ms
10-Feb-2026 09:28:22.604 INFO [main] org.apache.catalina.startup.HostConfig.deployWAR Deploying web application archive [/Users/sahilpatel/Code/DeliverIt/apache-tomcat-10.1.49/webapps/Deliverit-2.4.war]
10-Feb-2026 09:28:22.663 INFO [main] org.apache.jasper.servlet.TldScanner.scanJars At least one JAR was scanned for TLDs yet contained no TLDs. Enable debug logging for this logger for a complete list of JARs that were scanned but no TLDs were found in them. Skipping unneeded JARs during scanning can improve startup time and JSP compilation time.
10-Feb-2026 09:28:22.664 INFO [main] org.apache.catalina.startup.HostConfig.deployWAR Deployment of web application archive [/Users/sahilpatel/Code/DeliverIt/apache-tomcat-10.1.49/webapps/Deliverit-2.4.war] has finished in [60] ms
10-Feb-2026 09:28:22.664 INFO [main] org.apache.catalina.startup.HostConfig.deployWAR Deploying web application archive [/Users/sahilpatel/Code/DeliverIt/apache-tomcat-10.1.49/webapps/Deliverit-2.0.war]
10-Feb-2026 09:28:22.671 INFO [main] org.apache.catalina.startup.HostConfig.deployWAR Deployment of web application archive [/Users/sahilpatel/Code/DeliverIt/apache-tomcat-10.1.49/webapps/Deliverit-2.0.war] has finished in [7] ms
10-Feb-2026 09:28:22.671 INFO [main] org.apache.catalina.startup.HostConfig.deployWAR Deploying web application archive [/Users/sahilpatel/Code/DeliverIt/apache-tomcat-10.1.49/webapps/Deliverit-2.1.war]
10-Feb-2026 09:28:22.677 INFO [main] org.apache.catalina.startup.HostConfig.deployWAR Deployment of web application archive [/Users/sahilpatel/Code/DeliverIt/apache-tomcat-10.1.49/webapps/Deliverit-2.1.war] has finished in [6] ms
10-Feb-2026 09:28:22.678 INFO [main] org.apache.catalina.startup.HostConfig.deployWAR Deploying web application archive [/Users/sahilpatel/Code/DeliverIt/apache-tomcat-10.1.49/webapps/Deliverit-2.3.war]
10-Feb-2026 09:28:22.716 INFO [main] org.apache.jasper.servlet.TldScanner.scanJars At least one JAR was scanned for TLDs yet contained no TLDs. Enable debug logging for this logger for a complete list of JARs that were scanned but no TLDs were found in them. Skipping unneeded JARs during scanning can improve startup time and JSP compilation time.
10-Feb-2026 09:28:22.716 INFO [main] org.apache.catalina.startup.HostConfig.deployWAR Deployment of web application archive [/Users/sahilpatel/Code/DeliverIt/apache-tomcat-10.1.49/webapps/Deliverit-2.3.war] has finished in [38] ms
10-Feb-2026 09:28:22.716 INFO [main] org.apache.catalina.startup.HostConfig.deployWAR Deploying web application archive [/Users/sahilpatel/Code/DeliverIt/apache-tomcat-10.1.49/webapps/Deliverit-2.2.war]
10-Feb-2026 09:28:22.722 INFO [main] org.apache.catalina.startup.HostConfig.deployWAR Deployment of web application archive [/Users/sahilpatel/Code/DeliverIt/apache-tomcat-10.1.49/webapps/Deliverit-2.2.war] has finished in [6] ms
10-Feb-2026 09:28:22.722 INFO [main] org.apache.catalina.startup.HostConfig.deployDirectory Deploying web application directory [/Users/sahilpatel/Code/DeliverIt/apache-tomcat-10.1.49/webapps/docs]
10-Feb-2026 09:28:22.729 INFO [main] org.apache.catalina.startup.HostConfig.deployDirectory Deployment of web application directory [/Users/sahilpatel/Code/DeliverIt/apache-tomcat-10.1.49/webapps/docs] has finished in [7] ms
10-Feb-2026 09:28:22.729 INFO [main] org.apache.catalina.startup.HostConfig.deployDirectory Deploying web application directory [/Users/sahilpatel/Code/DeliverIt/apache-tomcat-10.1.49/webapps/manager]
10-Feb-2026 09:28:22.737 INFO [main] org.apache.catalina.startup.HostConfig.deployDirectory Deployment of web application directory [/Users/sahilpatel/Code/DeliverIt/apache-tomcat-10.1.49/webapps/manager] has finished in [8] ms
10-Feb-2026 09:28:22.737 INFO [main] org.apache.catalina.startup.HostConfig.deployDirectory Deploying web application directory [/Users/sahilpatel/Code/DeliverIt/apache-tomcat-10.1.49/webapps/examples]
10-Feb-2026 09:28:22.792 INFO [main] org.apache.catalina.startup.HostConfig.deployDirectory Deployment of web application directory [/Users/sahilpatel/Code/DeliverIt/apache-tomcat-10.1.49/webapps/examples] has finished in [55] ms
10-Feb-2026 09:28:22.792 INFO [main] org.apache.catalina.startup.HostConfig.deployDirectory Deploying web application directory [/Users/sahilpatel/Code/DeliverIt/apache-tomcat-10.1.49/webapps/ROOT]
10-Feb-2026 09:28:22.797 INFO [main] org.apache.catalina.startup.HostConfig.deployDirectory Deployment of web application directory [/Users/sahilpatel/Code/DeliverIt/apache-tomcat-10.1.49/webapps/ROOT] has finished in [5] ms
10-Feb-2026 09:28:22.797 INFO [main] org.apache.catalina.startup.HostConfig.deployDirectory Deploying web application directory [/Users/sahilpatel/Code/DeliverIt/apache-tomcat-10.1.49/webapps/host-manager]
10-Feb-2026 09:28:22.802 INFO [main] org.apache.catalina.startup.HostConfig.deployDirectory Deployment of web application directory [/Users/sahilpatel/Code/DeliverIt/apache-tomcat-10.1.49/webapps/host-manager] has finished in [5] ms
10-Feb-2026 09:28:22.803 INFO [main] org.apache.catalina.startup.Catalina.start Server startup in [297] milliseconds
10-Feb-2026 09:28:22.805 SEVERE [main] org.apache.catalina.core.StandardServer.await Failed to create server shutdown socket on address [localhost] and port [8005] (base port [8005] and offset [0])
	java.net.BindException: Address already in use
		at java.base/sun.nio.ch.Net.bind0(Native Method)
		at java.base/sun.nio.ch.Net.bind(Net.java:577)
		at java.base/sun.nio.ch.Net.bind(Net.java:566)
		at java.base/sun.nio.ch.NioSocketImpl.bind(NioSocketImpl.java:636)
		at java.base/java.net.ServerSocket.bind(ServerSocket.java:391)
		at java.base/java.net.ServerSocket.<init>(ServerSocket.java:278)
		at org.apache.catalina.core.StandardServer.await(StandardServer.java:531)
		at org.apache.catalina.startup.Catalina.await(Catalina.java:848)
		at org.apache.catalina.startup.Catalina.start(Catalina.java:796)
		at java.base/jdk.internal.reflect.DirectMethodHandleAccessor.invoke(DirectMethodHandleAccessor.java:103)
		at java.base/java.lang.reflect.Method.invoke(Method.java:580)
		at org.apache.catalina.startup.Bootstrap.start(Bootstrap.java:342)
		at org.apache.catalina.startup.Bootstrap.main(Bootstrap.java:473)
10-Feb-2026 09:28:22.805 INFO [main] org.apache.coyote.AbstractProtocol.pause Pausing ProtocolHandler ["http-nio-8080"]
10-Feb-2026 09:28:22.805 INFO [main] org.apache.catalina.core.StandardService.stopInternal Stopping service [Catalina]
10-Feb-2026 09:28:22.814 INFO [main] org.apache.coyote.AbstractProtocol.stop Stopping ProtocolHandler ["http-nio-8080"]
10-Feb-2026 09:28:22.814 INFO [main] org.apache.coyote.AbstractProtocol.destroy Destroying ProtocolHandler ["http-nio-8080"]
10-Feb-2026 09:33:08.468 INFO [main] org.apache.catalina.core.StandardServer.await A valid shutdown command was received via the shutdown port. Stopping the Server instance.
10-Feb-2026 09:33:08.469 INFO [main] org.apache.coyote.AbstractProtocol.pause Pausing ProtocolHandler ["http-nio-8080"]
10-Feb-2026 09:33:08.470 INFO [main] org.apache.catalina.core.StandardService.stopInternal Stopping service [Catalina]
10-Feb-2026 09:33:08.481 INFO [main] org.apache.coyote.AbstractProtocol.stop Stopping ProtocolHandler ["http-nio-8080"]
10-Feb-2026 09:33:08.483 INFO [main] org.apache.coyote.AbstractProtocol.destroy Destroying ProtocolHandler ["http-nio-8080"]
10-Feb-2026 09:33:14.712 INFO [main] org.apache.catalina.startup.VersionLoggerListener.log Server version name:   Apache Tomcat/10.1.49
10-Feb-2026 09:33:14.713 INFO [main] org.apache.catalina.startup.VersionLoggerListener.log Server built:          Nov 6 2025 01:31:11 UTC
10-Feb-2026 09:33:14.713 INFO [main] org.apache.catalina.startup.VersionLoggerListener.log Server version number: 10.1.49.0
10-Feb-2026 09:33:14.713 INFO [main] org.apache.catalina.startup.VersionLoggerListener.log OS Name:               Mac OS X
10-Feb-2026 09:33:14.713 INFO [main] org.apache.catalina.startup.VersionLoggerListener.log OS Version:            26.2
10-Feb-2026 09:33:14.713 INFO [main] org.apache.catalina.startup.VersionLoggerListener.log Architecture:          aarch64
10-Feb-2026 09:33:14.713 INFO [main] org.apache.catalina.startup.VersionLoggerListener.log Java Home:             /Users/sahilpatel/Library/Java/JavaVirtualMachines/corretto-21.0.10/Contents/Home
10-Feb-2026 09:33:14.714 INFO [main] org.apache.catalina.startup.VersionLoggerListener.log JVM Version:           21.0.10+7-LTS
10-Feb-2026 09:33:14.714 INFO [main] org.apache.catalina.startup.VersionLoggerListener.log JVM Vendor:            Amazon.com Inc.
10-Feb-2026 09:33:14.714 INFO [main] org.apache.catalina.startup.VersionLoggerListener.log CATALINA_BASE:         /Users/sahilpatel/Code/DeliverIt/apache-tomcat-10.1.49
10-Feb-2026 09:33:14.714 INFO [main] org.apache.catalina.startup.VersionLoggerListener.log CATALINA_HOME:         /Users/sahilpatel/Code/DeliverIt/apache-tomcat-10.1.49
10-Feb-2026 09:33:14.718 INFO [main] org.apache.catalina.startup.VersionLoggerListener.log Command line argument: -Djava.util.logging.config.file=/Users/sahilpatel/code/DeliverIt/apache-tomcat-10.1.49/conf/logging.properties
10-Feb-2026 09:33:14.718 INFO [main] org.apache.catalina.startup.VersionLoggerListener.log Command line argument: -Djava.util.logging.manager=org.apache.juli.ClassLoaderLogManager
10-Feb-2026 09:33:14.718 INFO [main] org.apache.catalina.startup.VersionLoggerListener.log Command line argument: -Djdk.tls.ephemeralDHKeySize=2048
10-Feb-2026 09:33:14.718 INFO [main] org.apache.catalina.startup.VersionLoggerListener.log Command line argument: -Djava.protocol.handler.pkgs=org.apache.catalina.webresources
10-Feb-2026 09:33:14.718 INFO [main] org.apache.catalina.startup.VersionLoggerListener.log Command line argument: -Dsun.io.useCanonCaches=false
10-Feb-2026 09:33:14.718 INFO [main] org.apache.catalina.startup.VersionLoggerListener.log Command line argument: -Dorg.apache.catalina.security.SecurityListener.UMASK=0027
10-Feb-2026 09:33:14.718 INFO [main] org.apache.catalina.startup.VersionLoggerListener.log Command line argument: --add-opens=java.base/java.lang=ALL-UNNAMED
10-Feb-2026 09:33:14.718 INFO [main] org.apache.catalina.startup.VersionLoggerListener.log Command line argument: --add-opens=java.base/java.lang.reflect=ALL-UNNAMED
10-Feb-2026 09:33:14.718 INFO [main] org.apache.catalina.startup.VersionLoggerListener.log Command line argument: --add-opens=java.base/java.io=ALL-UNNAMED
10-Feb-2026 09:33:14.718 INFO [main] org.apache.catalina.startup.VersionLoggerListener.log Command line argument: --add-opens=java.base/java.util=ALL-UNNAMED
10-Feb-2026 09:33:14.718 INFO [main] org.apache.catalina.startup.VersionLoggerListener.log Command line argument: --add-opens=java.base/java.util.concurrent=ALL-UNNAMED
10-Feb-2026 09:33:14.718 INFO [main] org.apache.catalina.startup.VersionLoggerListener.log Command line argument: --add-opens=java.rmi/sun.rmi.transport=ALL-UNNAMED
10-Feb-2026 09:33:14.718 INFO [main] org.apache.catalina.startup.VersionLoggerListener.log Command line argument: -Dcatalina.base=/Users/sahilpatel/code/DeliverIt/apache-tomcat-10.1.49
10-Feb-2026 09:33:14.718 INFO [main] org.apache.catalina.startup.VersionLoggerListener.log Command line argument: -Dcatalina.home=/Users/sahilpatel/code/DeliverIt/apache-tomcat-10.1.49
10-Feb-2026 09:33:14.718 INFO [main] org.apache.catalina.startup.VersionLoggerListener.log Command line argument: -Djava.io.tmpdir=/Users/sahilpatel/code/DeliverIt/apache-tomcat-10.1.49/temp
10-Feb-2026 09:33:14.722 INFO [main] org.apache.catalina.core.AprLifecycleListener.lifecycleEvent The Apache Tomcat Native library which allows using OpenSSL was not found on the java.library.path: [/Users/sahilpatel/Library/Java/Extensions:/Library/Java/Extensions:/Network/Library/Java/Extensions:/System/Library/Java/Extensions:/usr/lib/java:.]
10-Feb-2026 09:33:14.812 INFO [main] org.apache.coyote.AbstractProtocol.init Initializing ProtocolHandler ["http-nio-8080"]
10-Feb-2026 09:33:14.821 INFO [main] org.apache.catalina.startup.Catalina.load Server initialization in [160] milliseconds
10-Feb-2026 09:33:14.832 INFO [main] org.apache.catalina.core.StandardService.startInternal Starting service [Catalina]
10-Feb-2026 09:33:14.833 INFO [main] org.apache.catalina.core.StandardEngine.startInternal Starting Servlet engine: [Apache Tomcat/10.1.49]
10-Feb-2026 09:33:14.837 INFO [main] org.apache.catalina.startup.HostConfig.deployWAR Deploying web application archive [/Users/sahilpatel/Code/DeliverIt/apache-tomcat-10.1.49/webapps/sample.war]
10-Feb-2026 09:33:14.953 INFO [main] org.apache.jasper.servlet.TldScanner.scanJars At least one JAR was scanned for TLDs yet contained no TLDs. Enable debug logging for this logger for a complete list of JARs that were scanned but no TLDs were found in them. Skipping unneeded JARs during scanning can improve startup time and JSP compilation time.
10-Feb-2026 09:33:14.963 INFO [main] org.apache.catalina.startup.HostConfig.deployWAR Deployment of web application archive [/Users/sahilpatel/Code/DeliverIt/apache-tomcat-10.1.49/webapps/sample.war] has finished in [126] ms
10-Feb-2026 09:33:14.964 INFO [main] org.apache.catalina.startup.HostConfig.deployWAR Deploying web application archive [/Users/sahilpatel/Code/DeliverIt/apache-tomcat-10.1.49/webapps/Deliverit-2.4.war]
10-Feb-2026 09:33:15.017 INFO [main] org.apache.jasper.servlet.TldScanner.scanJars At least one JAR was scanned for TLDs yet contained no TLDs. Enable debug logging for this logger for a complete list of JARs that were scanned but no TLDs were found in them. Skipping unneeded JARs during scanning can improve startup time and JSP compilation time.
10-Feb-2026 09:33:15.018 INFO [main] org.apache.catalina.startup.HostConfig.deployWAR Deployment of web application archive [/Users/sahilpatel/Code/DeliverIt/apache-tomcat-10.1.49/webapps/Deliverit-2.4.war] has finished in [54] ms
10-Feb-2026 09:33:15.018 INFO [main] org.apache.catalina.startup.HostConfig.deployWAR Deploying web application archive [/Users/sahilpatel/Code/DeliverIt/apache-tomcat-10.1.49/webapps/Deliverit-2.0.war]
10-Feb-2026 09:33:15.049 INFO [main] org.apache.jasper.servlet.TldScanner.scanJars At least one JAR was scanned for TLDs yet contained no TLDs. Enable debug logging for this logger for a complete list of JARs that were scanned but no TLDs were found in them. Skipping unneeded JARs during scanning can improve startup time and JSP compilation time.
10-Feb-2026 09:33:15.049 INFO [main] org.apache.catalina.startup.HostConfig.deployWAR Deployment of web application archive [/Users/sahilpatel/Code/DeliverIt/apache-tomcat-10.1.49/webapps/Deliverit-2.0.war] has finished in [31] ms
10-Feb-2026 09:33:15.050 INFO [main] org.apache.catalina.startup.HostConfig.deployWAR Deploying web application archive [/Users/sahilpatel/Code/DeliverIt/apache-tomcat-10.1.49/webapps/Deliverit-2.1.war]
10-Feb-2026 09:33:15.080 INFO [main] org.apache.jasper.servlet.TldScanner.scanJars At least one JAR was scanned for TLDs yet contained no TLDs. Enable debug logging for this logger for a complete list of JARs that were scanned but no TLDs were found in them. Skipping unneeded JARs during scanning can improve startup time and JSP compilation time.
10-Feb-2026 09:33:15.081 INFO [main] org.apache.catalina.startup.HostConfig.deployWAR Deployment of web application archive [/Users/sahilpatel/Code/DeliverIt/apache-tomcat-10.1.49/webapps/Deliverit-2.1.war] has finished in [31] ms
10-Feb-2026 09:33:15.081 INFO [main] org.apache.catalina.startup.HostConfig.deployWAR Deploying web application archive [/Users/sahilpatel/Code/DeliverIt/apache-tomcat-10.1.49/webapps/Deliverit-2.3.war]
10-Feb-2026 09:33:15.126 INFO [main] org.apache.jasper.servlet.TldScanner.scanJars At least one JAR was scanned for TLDs yet contained no TLDs. Enable debug logging for this logger for a complete list of JARs that were scanned but no TLDs were found in them. Skipping unneeded JARs during scanning can improve startup time and JSP compilation time.
10-Feb-2026 09:33:15.127 INFO [main] org.apache.catalina.startup.HostConfig.deployWAR Deployment of web application archive [/Users/sahilpatel/Code/DeliverIt/apache-tomcat-10.1.49/webapps/Deliverit-2.3.war] has finished in [46] ms
10-Feb-2026 09:33:15.127 INFO [main] org.apache.catalina.startup.HostConfig.deployWAR Deploying web application archive [/Users/sahilpatel/Code/DeliverIt/apache-tomcat-10.1.49/webapps/Deliverit-2.2.war]
10-Feb-2026 09:33:15.154 INFO [main] org.apache.jasper.servlet.TldScanner.scanJars At least one JAR was scanned for TLDs yet contained no TLDs. Enable debug logging for this logger for a complete list of JARs that were scanned but no TLDs were found in them. Skipping unneeded JARs during scanning can improve startup time and JSP compilation time.
10-Feb-2026 09:33:15.155 INFO [main] org.apache.catalina.startup.HostConfig.deployWAR Deployment of web application archive [/Users/sahilpatel/Code/DeliverIt/apache-tomcat-10.1.49/webapps/Deliverit-2.2.war] has finished in [28] ms
10-Feb-2026 09:33:15.155 INFO [main] org.apache.catalina.startup.HostConfig.deployDirectory Deploying web application directory [/Users/sahilpatel/Code/DeliverIt/apache-tomcat-10.1.49/webapps/docs]
10-Feb-2026 09:33:15.182 INFO [main] org.apache.jasper.servlet.TldScanner.scanJars At least one JAR was scanned for TLDs yet contained no TLDs. Enable debug logging for this logger for a complete list of JARs that were scanned but no TLDs were found in them. Skipping unneeded JARs during scanning can improve startup time and JSP compilation time.
10-Feb-2026 09:33:15.183 INFO [main] org.apache.catalina.startup.HostConfig.deployDirectory Deployment of web application directory [/Users/sahilpatel/Code/DeliverIt/apache-tomcat-10.1.49/webapps/docs] has finished in [27] ms
10-Feb-2026 09:33:15.183 INFO [main] org.apache.catalina.startup.HostConfig.deployDirectory Deploying web application directory [/Users/sahilpatel/Code/DeliverIt/apache-tomcat-10.1.49/webapps/manager]
10-Feb-2026 09:33:15.213 INFO [main] org.apache.jasper.servlet.TldScanner.scanJars At least one JAR was scanned for TLDs yet contained no TLDs. Enable debug logging for this logger for a complete list of JARs that were scanned but no TLDs were found in them. Skipping unneeded JARs during scanning can improve startup time and JSP compilation time.
10-Feb-2026 09:33:15.215 INFO [main] org.apache.catalina.startup.HostConfig.deployDirectory Deployment of web application directory [/Users/sahilpatel/Code/DeliverIt/apache-tomcat-10.1.49/webapps/manager] has finished in [32] ms
10-Feb-2026 09:33:15.215 INFO [main] org.apache.catalina.startup.HostConfig.deployDirectory Deploying web application directory [/Users/sahilpatel/Code/DeliverIt/apache-tomcat-10.1.49/webapps/examples]
10-Feb-2026 09:33:15.287 INFO [main] org.apache.jasper.servlet.TldScanner.scanJars At least one JAR was scanned for TLDs yet contained no TLDs. Enable debug logging for this logger for a complete list of JARs that were scanned but no TLDs were found in them. Skipping unneeded JARs during scanning can improve startup time and JSP compilation time.
10-Feb-2026 09:33:15.291 INFO [main] org.apache.catalina.startup.HostConfig.deployDirectory Deployment of web application directory [/Users/sahilpatel/Code/DeliverIt/apache-tomcat-10.1.49/webapps/examples] has finished in [76] ms
10-Feb-2026 09:33:15.291 INFO [main] org.apache.catalina.startup.HostConfig.deployDirectory Deploying web application directory [/Users/sahilpatel/Code/DeliverIt/apache-tomcat-10.1.49/webapps/ROOT]
10-Feb-2026 09:33:15.317 INFO [main] org.apache.jasper.servlet.TldScanner.scanJars At least one JAR was scanned for TLDs yet contained no TLDs. Enable debug logging for this logger for a complete list of JARs that were scanned but no TLDs were found in them. Skipping unneeded JARs during scanning can improve startup time and JSP compilation time.
10-Feb-2026 09:33:15.317 INFO [main] org.apache.catalina.startup.HostConfig.deployDirectory Deployment of web application directory [/Users/sahilpatel/Code/DeliverIt/apache-tomcat-10.1.49/webapps/ROOT] has finished in [26] ms
10-Feb-2026 09:33:15.317 INFO [main] org.apache.catalina.startup.HostConfig.deployDirectory Deploying web application directory [/Users/sahilpatel/Code/DeliverIt/apache-tomcat-10.1.49/webapps/host-manager]
10-Feb-2026 09:33:15.345 INFO [main] org.apache.jasper.servlet.TldScanner.scanJars At least one JAR was scanned for TLDs yet contained no TLDs. Enable debug logging for this logger for a complete list of JARs that were scanned but no TLDs were found in them. Skipping unneeded JARs during scanning can improve startup time and JSP compilation time.
10-Feb-2026 09:33:15.345 INFO [main] org.apache.catalina.startup.HostConfig.deployDirectory Deployment of web application directory [/Users/sahilpatel/Code/DeliverIt/apache-tomcat-10.1.49/webapps/host-manager] has finished in [28] ms
10-Feb-2026 09:33:15.347 INFO [main] org.apache.coyote.AbstractProtocol.start Starting ProtocolHandler ["http-nio-8080"]
10-Feb-2026 09:33:15.350 INFO [main] org.apache.catalina.startup.Catalina.start Server startup in [528] milliseconds
10-Feb-2026 09:36:00.942 INFO [main] org.apache.catalina.startup.VersionLoggerListener.log Server version name:   Apache Tomcat/10.1.49
10-Feb-2026 09:36:00.944 INFO [main] org.apache.catalina.startup.VersionLoggerListener.log Server built:          Nov 6 2025 01:31:11 UTC
10-Feb-2026 09:36:00.944 INFO [main] org.apache.catalina.startup.VersionLoggerListener.log Server version number: 10.1.49.0
10-Feb-2026 09:36:00.944 INFO [main] org.apache.catalina.startup.VersionLoggerListener.log OS Name:               Mac OS X
10-Feb-2026 09:36:00.944 INFO [main] org.apache.catalina.startup.VersionLoggerListener.log OS Version:            26.2
10-Feb-2026 09:36:00.944 INFO [main] org.apache.catalina.startup.VersionLoggerListener.log Architecture:          aarch64
10-Feb-2026 09:36:00.944 INFO [main] org.apache.catalina.startup.VersionLoggerListener.log Java Home:             /Users/sahilpatel/Library/Java/JavaVirtualMachines/corretto-21.0.10/Contents/Home
10-Feb-2026 09:36:00.944 INFO [main] org.apache.catalina.startup.VersionLoggerListener.log JVM Version:           21.0.10+7-LTS
10-Feb-2026 09:36:00.944 INFO [main] org.apache.catalina.startup.VersionLoggerListener.log JVM Vendor:            Amazon.com Inc.
10-Feb-2026 09:36:00.944 INFO [main] org.apache.catalina.startup.VersionLoggerListener.log CATALINA_BASE:         /Users/sahilpatel/Code/DeliverIt/apache-tomcat-10.1.49
10-Feb-2026 09:36:00.944 INFO [main] org.apache.catalina.startup.VersionLoggerListener.log CATALINA_HOME:         /Users/sahilpatel/Code/DeliverIt/apache-tomcat-10.1.49
10-Feb-2026 09:36:00.947 INFO [main] org.apache.catalina.startup.VersionLoggerListener.log Command line argument: -Djava.util.logging.config.file=/Users/sahilpatel/code/DeliverIt/apache-tomcat-10.1.49/conf/logging.properties
10-Feb-2026 09:36:00.948 INFO [main] org.apache.catalina.startup.VersionLoggerListener.log Command line argument: -Djava.util.logging.manager=org.apache.juli.ClassLoaderLogManager
10-Feb-2026 09:36:00.948 INFO [main] org.apache.catalina.startup.VersionLoggerListener.log Command line argument: -Djdk.tls.ephemeralDHKeySize=2048
10-Feb-2026 09:36:00.948 INFO [main] org.apache.catalina.startup.VersionLoggerListener.log Command line argument: -Djava.protocol.handler.pkgs=org.apache.catalina.webresources
10-Feb-2026 09:36:00.948 INFO [main] org.apache.catalina.startup.VersionLoggerListener.log Command line argument: -Dsun.io.useCanonCaches=false
10-Feb-2026 09:36:00.948 INFO [main] org.apache.catalina.startup.VersionLoggerListener.log Command line argument: -Dorg.apache.catalina.security.SecurityListener.UMASK=0027
10-Feb-2026 09:36:00.948 INFO [main] org.apache.catalina.startup.VersionLoggerListener.log Command line argument: --add-opens=java.base/java.lang=ALL-UNNAMED
10-Feb-2026 09:36:00.948 INFO [main] org.apache.catalina.startup.VersionLoggerListener.log Command line argument: --add-opens=java.base/java.lang.reflect=ALL-UNNAMED
10-Feb-2026 09:36:00.948 INFO [main] org.apache.catalina.startup.VersionLoggerListener.log Command line argument: --add-opens=java.base/java.io=ALL-UNNAMED
10-Feb-2026 09:36:00.948 INFO [main] org.apache.catalina.startup.VersionLoggerListener.log Command line argument: --add-opens=java.base/java.util=ALL-UNNAMED
10-Feb-2026 09:36:00.948 INFO [main] org.apache.catalina.startup.VersionLoggerListener.log Command line argument: --add-opens=java.base/java.util.concurrent=ALL-UNNAMED
10-Feb-2026 09:36:00.948 INFO [main] org.apache.catalina.startup.VersionLoggerListener.log Command line argument: --add-opens=java.rmi/sun.rmi.transport=ALL-UNNAMED
10-Feb-2026 09:36:00.948 INFO [main] org.apache.catalina.startup.VersionLoggerListener.log Command line argument: -Dcatalina.base=/Users/sahilpatel/code/DeliverIt/apache-tomcat-10.1.49
10-Feb-2026 09:36:00.948 INFO [main] org.apache.catalina.startup.VersionLoggerListener.log Command line argument: -Dcatalina.home=/Users/sahilpatel/code/DeliverIt/apache-tomcat-10.1.49
10-Feb-2026 09:36:00.948 INFO [main] org.apache.catalina.startup.VersionLoggerListener.log Command line argument: -Djava.io.tmpdir=/Users/sahilpatel/code/DeliverIt/apache-tomcat-10.1.49/temp
10-Feb-2026 09:36:00.951 INFO [main] org.apache.catalina.core.AprLifecycleListener.lifecycleEvent The Apache Tomcat Native library which allows using OpenSSL was not found on the java.library.path: [/Users/sahilpatel/Library/Java/Extensions:/Library/Java/Extensions:/Network/Library/Java/Extensions:/System/Library/Java/Extensions:/usr/lib/java:.]
10-Feb-2026 09:36:01.041 INFO [main] org.apache.coyote.AbstractProtocol.init Initializing ProtocolHandler ["http-nio-8080"]
10-Feb-2026 09:36:01.048 SEVERE [main] org.apache.catalina.util.LifecycleBase.handleSubClassException Failed to initialize component [Connector["http-nio-8080"]]
	org.apache.catalina.LifecycleException: Protocol handler initialization failed
		at org.apache.catalina.connector.Connector.initInternal(Connector.java:1073)
		at org.apache.catalina.util.LifecycleBase.init(LifecycleBase.java:122)
		at org.apache.catalina.core.StandardService.initInternal(StandardService.java:520)
		at org.apache.catalina.util.LifecycleBase.init(LifecycleBase.java:122)
		at org.apache.catalina.core.StandardServer.initInternal(StandardServer.java:955)
		at org.apache.catalina.util.LifecycleBase.init(LifecycleBase.java:122)
		at org.apache.catalina.startup.Catalina.load(Catalina.java:709)
		at org.apache.catalina.startup.Catalina.load(Catalina.java:732)
		at java.base/jdk.internal.reflect.DirectMethodHandleAccessor.invoke(DirectMethodHandleAccessor.java:103)
		at java.base/java.lang.reflect.Method.invoke(Method.java:580)
		at org.apache.catalina.startup.Bootstrap.load(Bootstrap.java:299)
		at org.apache.catalina.startup.Bootstrap.main(Bootstrap.java:472)
	Caused by: java.net.BindException: Address already in use
		at java.base/sun.nio.ch.Net.bind0(Native Method)
		at java.base/sun.nio.ch.Net.bind(Net.java:577)
		at java.base/sun.nio.ch.ServerSocketChannelImpl.netBind(ServerSocketChannelImpl.java:344)
		at java.base/sun.nio.ch.ServerSocketChannelImpl.bind(ServerSocketChannelImpl.java:301)
		at org.apache.tomcat.util.net.NioEndpoint.initServerSocket(NioEndpoint.java:264)
		at org.apache.tomcat.util.net.NioEndpoint.bind(NioEndpoint.java:219)
		at org.apache.tomcat.util.net.AbstractEndpoint.bindWithCleanup(AbstractEndpoint.java:1398)
		at org.apache.tomcat.util.net.AbstractEndpoint.init(AbstractEndpoint.java:1411)
		at org.apache.coyote.AbstractProtocol.init(AbstractProtocol.java:633)
		at org.apache.coyote.http11.AbstractHttp11Protocol.init(AbstractHttp11Protocol.java:82)
		at org.apache.catalina.connector.Connector.initInternal(Connector.java:1071)
		... 11 more
10-Feb-2026 09:36:01.048 INFO [main] org.apache.catalina.startup.Catalina.load Server initialization in [155] milliseconds
10-Feb-2026 09:36:01.058 INFO [main] org.apache.catalina.core.StandardService.startInternal Starting service [Catalina]
10-Feb-2026 09:36:01.058 INFO [main] org.apache.catalina.core.StandardEngine.startInternal Starting Servlet engine: [Apache Tomcat/10.1.49]
10-Feb-2026 09:36:01.063 INFO [main] org.apache.catalina.startup.HostConfig.deployWAR Deploying web application archive [/Users/sahilpatel/Code/DeliverIt/apache-tomcat-10.1.49/webapps/sample.war]
10-Feb-2026 09:36:01.177 INFO [main] org.apache.jasper.servlet.TldScanner.scanJars At least one JAR was scanned for TLDs yet contained no TLDs. Enable debug logging for this logger for a complete list of JARs that were scanned but no TLDs were found in them. Skipping unneeded JARs during scanning can improve startup time and JSP compilation time.
10-Feb-2026 09:36:01.188 INFO [main] org.apache.catalina.startup.HostConfig.deployWAR Deployment of web application archive [/Users/sahilpatel/Code/DeliverIt/apache-tomcat-10.1.49/webapps/sample.war] has finished in [125] ms
10-Feb-2026 09:36:01.188 INFO [main] org.apache.catalina.startup.HostConfig.deployWAR Deploying web application archive [/Users/sahilpatel/Code/DeliverIt/apache-tomcat-10.1.49/webapps/Deliverit-2.4.war]
10-Feb-2026 09:36:01.239 INFO [main] org.apache.jasper.servlet.TldScanner.scanJars At least one JAR was scanned for TLDs yet contained no TLDs. Enable debug logging for this logger for a complete list of JARs that were scanned but no TLDs were found in them. Skipping unneeded JARs during scanning can improve startup time and JSP compilation time.
10-Feb-2026 09:36:01.240 INFO [main] org.apache.catalina.startup.HostConfig.deployWAR Deployment of web application archive [/Users/sahilpatel/Code/DeliverIt/apache-tomcat-10.1.49/webapps/Deliverit-2.4.war] has finished in [51] ms
10-Feb-2026 09:36:01.242 INFO [main] org.apache.catalina.startup.HostConfig.deployWAR Deploying web application archive [/Users/sahilpatel/Code/DeliverIt/apache-tomcat-10.1.49/webapps/Deliverit-2.0.war]
10-Feb-2026 09:36:01.273 INFO [main] org.apache.jasper.servlet.TldScanner.scanJars At least one JAR was scanned for TLDs yet contained no TLDs. Enable debug logging for this logger for a complete list of JARs that were scanned but no TLDs were found in them. Skipping unneeded JARs during scanning can improve startup time and JSP compilation time.
10-Feb-2026 09:36:01.274 INFO [main] org.apache.catalina.startup.HostConfig.deployWAR Deployment of web application archive [/Users/sahilpatel/Code/DeliverIt/apache-tomcat-10.1.49/webapps/Deliverit-2.0.war] has finished in [32] ms
10-Feb-2026 09:36:01.274 INFO [main] org.apache.catalina.startup.HostConfig.deployWAR Deploying web application archive [/Users/sahilpatel/Code/DeliverIt/apache-tomcat-10.1.49/webapps/Deliverit-2.1.war]
10-Feb-2026 09:36:01.304 INFO [main] org.apache.jasper.servlet.TldScanner.scanJars At least one JAR was scanned for TLDs yet contained no TLDs. Enable debug logging for this logger for a complete list of JARs that were scanned but no TLDs were found in them. Skipping unneeded JARs during scanning can improve startup time and JSP compilation time.
10-Feb-2026 09:36:01.305 INFO [main] org.apache.catalina.startup.HostConfig.deployWAR Deployment of web application archive [/Users/sahilpatel/Code/DeliverIt/apache-tomcat-10.1.49/webapps/Deliverit-2.1.war] has finished in [31] ms
10-Feb-2026 09:36:01.306 INFO [main] org.apache.catalina.startup.HostConfig.deployWAR Deploying web application archive [/Users/sahilpatel/Code/DeliverIt/apache-tomcat-10.1.49/webapps/Deliverit-2.3.war]
10-Feb-2026 09:36:01.353 INFO [main] org.apache.jasper.servlet.TldScanner.scanJars At least one JAR was scanned for TLDs yet contained no TLDs. Enable debug logging for this logger for a complete list of JARs that were scanned but no TLDs were found in them. Skipping unneeded JARs during scanning can improve startup time and JSP compilation time.
10-Feb-2026 09:36:01.353 INFO [main] org.apache.catalina.startup.HostConfig.deployWAR Deployment of web application archive [/Users/sahilpatel/Code/DeliverIt/apache-tomcat-10.1.49/webapps/Deliverit-2.3.war] has finished in [47] ms
10-Feb-2026 09:36:01.354 INFO [main] org.apache.catalina.startup.HostConfig.deployWAR Deploying web application archive [/Users/sahilpatel/Code/DeliverIt/apache-tomcat-10.1.49/webapps/Deliverit-2.2.war]
10-Feb-2026 09:36:01.382 INFO [main] org.apache.jasper.servlet.TldScanner.scanJars At least one JAR was scanned for TLDs yet contained no TLDs. Enable debug logging for this logger for a complete list of JARs that were scanned but no TLDs were found in them. Skipping unneeded JARs during scanning can improve startup time and JSP compilation time.
10-Feb-2026 09:36:01.383 INFO [main] org.apache.catalina.startup.HostConfig.deployWAR Deployment of web application archive [/Users/sahilpatel/Code/DeliverIt/apache-tomcat-10.1.49/webapps/Deliverit-2.2.war] has finished in [29] ms
10-Feb-2026 09:36:01.383 INFO [main] org.apache.catalina.startup.HostConfig.deployDirectory Deploying web application directory [/Users/sahilpatel/Code/DeliverIt/apache-tomcat-10.1.49/webapps/docs]
10-Feb-2026 09:36:01.411 INFO [main] org.apache.jasper.servlet.TldScanner.scanJars At least one JAR was scanned for TLDs yet contained no TLDs. Enable debug logging for this logger for a complete list of JARs that were scanned but no TLDs were found in them. Skipping unneeded JARs during scanning can improve startup time and JSP compilation time.
10-Feb-2026 09:36:01.411 INFO [main] org.apache.catalina.startup.HostConfig.deployDirectory Deployment of web application directory [/Users/sahilpatel/Code/DeliverIt/apache-tomcat-10.1.49/webapps/docs] has finished in [28] ms
10-Feb-2026 09:36:01.411 INFO [main] org.apache.catalina.startup.HostConfig.deployDirectory Deploying web application directory [/Users/sahilpatel/Code/DeliverIt/apache-tomcat-10.1.49/webapps/manager]
10-Feb-2026 09:36:01.442 INFO [main] org.apache.jasper.servlet.TldScanner.scanJars At least one JAR was scanned for TLDs yet contained no TLDs. Enable debug logging for this logger for a complete list of JARs that were scanned but no TLDs were found in them. Skipping unneeded JARs during scanning can improve startup time and JSP compilation time.
10-Feb-2026 09:36:01.444 INFO [main] org.apache.catalina.startup.HostConfig.deployDirectory Deployment of web application directory [/Users/sahilpatel/Code/DeliverIt/apache-tomcat-10.1.49/webapps/manager] has finished in [33] ms
10-Feb-2026 09:36:01.444 INFO [main] org.apache.catalina.startup.HostConfig.deployDirectory Deploying web application directory [/Users/sahilpatel/Code/DeliverIt/apache-tomcat-10.1.49/webapps/examples]
10-Feb-2026 09:36:01.513 INFO [main] org.apache.jasper.servlet.TldScanner.scanJars At least one JAR was scanned for TLDs yet contained no TLDs. Enable debug logging for this logger for a complete list of JARs that were scanned but no TLDs were found in them. Skipping unneeded JARs during scanning can improve startup time and JSP compilation time.
10-Feb-2026 09:36:01.517 INFO [main] org.apache.catalina.startup.HostConfig.deployDirectory Deployment of web application directory [/Users/sahilpatel/Code/DeliverIt/apache-tomcat-10.1.49/webapps/examples] has finished in [73] ms
10-Feb-2026 09:36:01.517 INFO [main] org.apache.catalina.startup.HostConfig.deployDirectory Deploying web application directory [/Users/sahilpatel/Code/DeliverIt/apache-tomcat-10.1.49/webapps/ROOT]
10-Feb-2026 09:36:01.542 INFO [main] org.apache.jasper.servlet.TldScanner.scanJars At least one JAR was scanned for TLDs yet contained no TLDs. Enable debug logging for this logger for a complete list of JARs that were scanned but no TLDs were found in them. Skipping unneeded JARs during scanning can improve startup time and JSP compilation time.
10-Feb-2026 09:36:01.543 INFO [main] org.apache.catalina.startup.HostConfig.deployDirectory Deployment of web application directory [/Users/sahilpatel/Code/DeliverIt/apache-tomcat-10.1.49/webapps/ROOT] has finished in [26] ms
10-Feb-2026 09:36:01.543 INFO [main] org.apache.catalina.startup.HostConfig.deployDirectory Deploying web application directory [/Users/sahilpatel/Code/DeliverIt/apache-tomcat-10.1.49/webapps/host-manager]
10-Feb-2026 09:36:01.569 INFO [main] org.apache.jasper.servlet.TldScanner.scanJars At least one JAR was scanned for TLDs yet contained no TLDs. Enable debug logging for this logger for a complete list of JARs that were scanned but no TLDs were found in them. Skipping unneeded JARs during scanning can improve startup time and JSP compilation time.
10-Feb-2026 09:36:01.569 INFO [main] org.apache.catalina.startup.HostConfig.deployDirectory Deployment of web application directory [/Users/sahilpatel/Code/DeliverIt/apache-tomcat-10.1.49/webapps/host-manager] has finished in [26] ms
10-Feb-2026 09:36:01.570 INFO [main] org.apache.catalina.startup.Catalina.start Server startup in [522] milliseconds
10-Feb-2026 09:36:01.572 SEVERE [main] org.apache.catalina.core.StandardServer.await Failed to create server shutdown socket on address [localhost] and port [8005] (base port [8005] and offset [0])
	java.net.BindException: Address already in use
		at java.base/sun.nio.ch.Net.bind0(Native Method)
		at java.base/sun.nio.ch.Net.bind(Net.java:577)
		at java.base/sun.nio.ch.Net.bind(Net.java:566)
		at java.base/sun.nio.ch.NioSocketImpl.bind(NioSocketImpl.java:636)
		at java.base/java.net.ServerSocket.bind(ServerSocket.java:391)
		at java.base/java.net.ServerSocket.<init>(ServerSocket.java:278)
		at org.apache.catalina.core.StandardServer.await(StandardServer.java:531)
		at org.apache.catalina.startup.Catalina.await(Catalina.java:848)
		at org.apache.catalina.startup.Catalina.start(Catalina.java:796)
		at java.base/jdk.internal.reflect.DirectMethodHandleAccessor.invoke(DirectMethodHandleAccessor.java:103)
		at java.base/java.lang.reflect.Method.invoke(Method.java:580)
		at org.apache.catalina.startup.Bootstrap.start(Bootstrap.java:342)
		at org.apache.catalina.startup.Bootstrap.main(Bootstrap.java:473)
10-Feb-2026 09:36:01.572 INFO [main] org.apache.coyote.AbstractProtocol.pause Pausing ProtocolHandler ["http-nio-8080"]
10-Feb-2026 09:36:01.572 INFO [main] org.apache.catalina.core.StandardService.stopInternal Stopping service [Catalina]
10-Feb-2026 09:36:01.583 INFO [main] org.apache.coyote.AbstractProtocol.stop Stopping ProtocolHandler ["http-nio-8080"]
10-Feb-2026 09:36:01.583 INFO [main] org.apache.coyote.AbstractProtocol.destroy Destroying ProtocolHandler ["http-nio-8080"]
