26-Nov-2025 16:55:27.927 INFO [main] org.apache.catalina.startup.VersionLoggerListener.log Server version name:   Apache Tomcat/10.1.49
26-Nov-2025 16:55:27.928 INFO [main] org.apache.catalina.startup.VersionLoggerListener.log Server built:          Nov 6 2025 01:31:11 UTC
26-Nov-2025 16:55:27.928 INFO [main] org.apache.catalina.startup.VersionLoggerListener.log Server version number: 10.1.49.0
26-Nov-2025 16:55:27.928 INFO [main] org.apache.catalina.startup.VersionLoggerListener.log OS Name:               Mac OS X
26-Nov-2025 16:55:27.928 INFO [main] org.apache.catalina.startup.VersionLoggerListener.log OS Version:            15.6.1
26-Nov-2025 16:55:27.928 INFO [main] org.apache.catalina.startup.VersionLoggerListener.log Architecture:          aarch64
26-Nov-2025 16:55:27.928 INFO [main] org.apache.catalina.startup.VersionLoggerListener.log Java Home:             /Users/sahilpatel/Library/Java/JavaVirtualMachines/openjdk-25.0.1/Contents/Home
26-Nov-2025 16:55:27.928 INFO [main] org.apache.catalina.startup.VersionLoggerListener.log JVM Version:           25.0.1+8-27
26-Nov-2025 16:55:27.928 INFO [main] org.apache.catalina.startup.VersionLoggerListener.log JVM Vendor:            Oracle Corporation
26-Nov-2025 16:55:27.928 INFO [main] org.apache.catalina.startup.VersionLoggerListener.log CATALINA_BASE:         /Users/sahilpatel/Applications/apache-tomcat-10.1.49
26-Nov-2025 16:55:27.928 INFO [main] org.apache.catalina.startup.VersionLoggerListener.log CATALINA_HOME:         /Users/sahilpatel/Applications/apache-tomcat-10.1.49
26-Nov-2025 16:55:27.933 INFO [main] org.apache.catalina.startup.VersionLoggerListener.log Command line argument: -Djava.util.logging.config.file=/Users/sahilpatel/Applications/apache-tomcat-10.1.49/conf/logging.properties
26-Nov-2025 16:55:27.933 INFO [main] org.apache.catalina.startup.VersionLoggerListener.log Command line argument: -Djava.util.logging.manager=org.apache.juli.ClassLoaderLogManager
26-Nov-2025 16:55:27.933 INFO [main] org.apache.catalina.startup.VersionLoggerListener.log Command line argument: -Djdk.tls.ephemeralDHKeySize=2048
26-Nov-2025 16:55:27.933 INFO [main] org.apache.catalina.startup.VersionLoggerListener.log Command line argument: -Djava.protocol.handler.pkgs=org.apache.catalina.webresources
26-Nov-2025 16:55:27.933 INFO [main] org.apache.catalina.startup.VersionLoggerListener.log Command line argument: -Dsun.io.useCanonCaches=false
26-Nov-2025 16:55:27.933 INFO [main] org.apache.catalina.startup.VersionLoggerListener.log Command line argument: -Dorg.apache.catalina.security.SecurityListener.UMASK=0027
26-Nov-2025 16:55:27.933 INFO [main] org.apache.catalina.startup.VersionLoggerListener.log Command line argument: --add-opens=java.base/java.lang=ALL-UNNAMED
26-Nov-2025 16:55:27.933 INFO [main] org.apache.catalina.startup.VersionLoggerListener.log Command line argument: --add-opens=java.base/java.lang.reflect=ALL-UNNAMED
26-Nov-2025 16:55:27.933 INFO [main] org.apache.catalina.startup.VersionLoggerListener.log Command line argument: --add-opens=java.base/java.io=ALL-UNNAMED
26-Nov-2025 16:55:27.933 INFO [main] org.apache.catalina.startup.VersionLoggerListener.log Command line argument: --add-opens=java.base/java.util=ALL-UNNAMED
26-Nov-2025 16:55:27.933 INFO [main] org.apache.catalina.startup.VersionLoggerListener.log Command line argument: --add-opens=java.base/java.util.concurrent=ALL-UNNAMED
26-Nov-2025 16:55:27.933 INFO [main] org.apache.catalina.startup.VersionLoggerListener.log Command line argument: --add-opens=java.rmi/sun.rmi.transport=ALL-UNNAMED
26-Nov-2025 16:55:27.933 INFO [main] org.apache.catalina.startup.VersionLoggerListener.log Command line argument: -Dcatalina.base=/Users/sahilpatel/Applications/apache-tomcat-10.1.49
26-Nov-2025 16:55:27.933 INFO [main] org.apache.catalina.startup.VersionLoggerListener.log Command line argument: -Dcatalina.home=/Users/sahilpatel/Applications/apache-tomcat-10.1.49
26-Nov-2025 16:55:27.933 INFO [main] org.apache.catalina.startup.VersionLoggerListener.log Command line argument: -Djava.io.tmpdir=/Users/sahilpatel/Applications/apache-tomcat-10.1.49/temp
WARNING: A restricted method in java.lang.System has been called
WARNING: java.lang.System::load has been called by org.apache.tomcat.jni.Library in an unnamed module (file:/Users/sahilpatel/Applications/apache-tomcat-10.1.49/lib/tomcat-jni.jar)
WARNING: Use --enable-native-access=ALL-UNNAMED to avoid a warning for callers in this module
WARNING: Restricted methods will be blocked in a future release unless native access is enabled

26-Nov-2025 16:55:27.939 INFO [main] org.apache.catalina.core.AprLifecycleListener.lifecycleEvent The Apache Tomcat Native library which allows using OpenSSL was not found on the java.library.path: [/Users/sahilpatel/Library/Java/Extensions:/Library/Java/Extensions:/Network/Library/Java/Extensions:/System/Library/Java/Extensions:/usr/lib/java:.]
26-Nov-2025 16:55:28.029 INFO [main] org.apache.coyote.AbstractProtocol.init Initializing ProtocolHandler ["http-nio-8080"]
26-Nov-2025 16:55:28.038 INFO [main] org.apache.catalina.startup.Catalina.load Server initialization in [173] milliseconds
26-Nov-2025 16:55:28.049 INFO [main] org.apache.catalina.core.StandardService.startInternal Starting service [Catalina]
26-Nov-2025 16:55:28.049 INFO [main] org.apache.catalina.core.StandardEngine.startInternal Starting Servlet engine: [Apache Tomcat/10.1.49]
26-Nov-2025 16:55:28.051 INFO [main] org.apache.catalina.startup.HostConfig.deployDirectory Deploying web application directory [/Users/sahilpatel/Applications/apache-tomcat-10.1.49/webapps/docs]
26-Nov-2025 16:55:28.130 INFO [main] org.apache.catalina.startup.HostConfig.deployDirectory Deployment of web application directory [/Users/sahilpatel/Applications/apache-tomcat-10.1.49/webapps/docs] has finished in [78] ms
26-Nov-2025 16:55:28.131 INFO [main] org.apache.catalina.startup.HostConfig.deployDirectory Deploying web application directory [/Users/sahilpatel/Applications/apache-tomcat-10.1.49/webapps/manager]
26-Nov-2025 16:55:28.142 INFO [main] org.apache.catalina.startup.HostConfig.deployDirectory Deployment of web application directory [/Users/sahilpatel/Applications/apache-tomcat-10.1.49/webapps/manager] has finished in [11] ms
26-Nov-2025 16:55:28.142 INFO [main] org.apache.catalina.startup.HostConfig.deployDirectory Deploying web application directory [/Users/sahilpatel/Applications/apache-tomcat-10.1.49/webapps/examples]
26-Nov-2025 16:55:28.217 INFO [main] org.apache.catalina.startup.HostConfig.deployDirectory Deployment of web application directory [/Users/sahilpatel/Applications/apache-tomcat-10.1.49/webapps/examples] has finished in [75] ms
26-Nov-2025 16:55:28.217 INFO [main] org.apache.catalina.startup.HostConfig.deployDirectory Deploying web application directory [/Users/sahilpatel/Applications/apache-tomcat-10.1.49/webapps/ROOT]
26-Nov-2025 16:55:28.222 INFO [main] org.apache.catalina.startup.HostConfig.deployDirectory Deployment of web application directory [/Users/sahilpatel/Applications/apache-tomcat-10.1.49/webapps/ROOT] has finished in [5] ms
26-Nov-2025 16:55:28.222 INFO [main] org.apache.catalina.startup.HostConfig.deployDirectory Deploying web application directory [/Users/sahilpatel/Applications/apache-tomcat-10.1.49/webapps/host-manager]
26-Nov-2025 16:55:28.228 INFO [main] org.apache.catalina.startup.HostConfig.deployDirectory Deployment of web application directory [/Users/sahilpatel/Applications/apache-tomcat-10.1.49/webapps/host-manager] has finished in [6] ms
26-Nov-2025 16:55:28.229 INFO [main] org.apache.coyote.AbstractProtocol.start Starting ProtocolHandler ["http-nio-8080"]
26-Nov-2025 16:55:28.232 INFO [main] org.apache.catalina.startup.Catalina.start Server startup in [192] milliseconds
26-Nov-2025 17:14:00.209 INFO [Thread-1] org.apache.coyote.AbstractProtocol.pause Pausing ProtocolHandler ["http-nio-8080"]
26-Nov-2025 17:14:00.230 INFO [Thread-1] org.apache.catalina.core.StandardService.stopInternal Stopping service [Catalina]
26-Nov-2025 17:14:00.270 INFO [Thread-1] org.apache.coyote.AbstractProtocol.stop Stopping ProtocolHandler ["http-nio-8080"]
26-Nov-2025 17:14:00.283 INFO [Thread-1] org.apache.coyote.AbstractProtocol.destroy Destroying ProtocolHandler ["http-nio-8080"]
26-Nov-2025 17:40:57.191 INFO [main] org.apache.catalina.startup.VersionLoggerListener.log Server version name:   Apache Tomcat/10.1.49
26-Nov-2025 17:40:57.192 INFO [main] org.apache.catalina.startup.VersionLoggerListener.log Server built:          Nov 6 2025 01:31:11 UTC
26-Nov-2025 17:40:57.192 INFO [main] org.apache.catalina.startup.VersionLoggerListener.log Server version number: 10.1.49.0
26-Nov-2025 17:40:57.192 INFO [main] org.apache.catalina.startup.VersionLoggerListener.log OS Name:               Mac OS X
26-Nov-2025 17:40:57.192 INFO [main] org.apache.catalina.startup.VersionLoggerListener.log OS Version:            26.1
26-Nov-2025 17:40:57.192 INFO [main] org.apache.catalina.startup.VersionLoggerListener.log Architecture:          aarch64
26-Nov-2025 17:40:57.192 INFO [main] org.apache.catalina.startup.VersionLoggerListener.log Java Home:             /Users/sahilpatel/Library/Java/JavaVirtualMachines/openjdk-25.0.1/Contents/Home
26-Nov-2025 17:40:57.192 INFO [main] org.apache.catalina.startup.VersionLoggerListener.log JVM Version:           25.0.1+8-27
26-Nov-2025 17:40:57.192 INFO [main] org.apache.catalina.startup.VersionLoggerListener.log JVM Vendor:            Oracle Corporation
26-Nov-2025 17:40:57.192 INFO [main] org.apache.catalina.startup.VersionLoggerListener.log CATALINA_BASE:         /Users/sahilpatel/Applications/apache-tomcat-10.1.49
26-Nov-2025 17:40:57.192 INFO [main] org.apache.catalina.startup.VersionLoggerListener.log CATALINA_HOME:         /Users/sahilpatel/Applications/apache-tomcat-10.1.49
26-Nov-2025 17:40:57.203 INFO [main] org.apache.catalina.startup.VersionLoggerListener.log Command line argument: -Djava.util.logging.config.file=/Users/sahilpatel/Applications/apache-tomcat-10.1.49/conf/logging.properties
26-Nov-2025 17:40:57.203 INFO [main] org.apache.catalina.startup.VersionLoggerListener.log Command line argument: -Djava.util.logging.manager=org.apache.juli.ClassLoaderLogManager
26-Nov-2025 17:40:57.203 INFO [main] org.apache.catalina.startup.VersionLoggerListener.log Command line argument: -Djdk.tls.ephemeralDHKeySize=2048
26-Nov-2025 17:40:57.203 INFO [main] org.apache.catalina.startup.VersionLoggerListener.log Command line argument: -Djava.protocol.handler.pkgs=org.apache.catalina.webresources
26-Nov-2025 17:40:57.203 INFO [main] org.apache.catalina.startup.VersionLoggerListener.log Command line argument: -Dsun.io.useCanonCaches=false
26-Nov-2025 17:40:57.203 INFO [main] org.apache.catalina.startup.VersionLoggerListener.log Command line argument: -Dorg.apache.catalina.security.SecurityListener.UMASK=0027
26-Nov-2025 17:40:57.204 INFO [main] org.apache.catalina.startup.VersionLoggerListener.log Command line argument: --add-opens=java.base/java.lang=ALL-UNNAMED
26-Nov-2025 17:40:57.204 INFO [main] org.apache.catalina.startup.VersionLoggerListener.log Command line argument: --add-opens=java.base/java.lang.reflect=ALL-UNNAMED
26-Nov-2025 17:40:57.204 INFO [main] org.apache.catalina.startup.VersionLoggerListener.log Command line argument: --add-opens=java.base/java.io=ALL-UNNAMED
26-Nov-2025 17:40:57.204 INFO [main] org.apache.catalina.startup.VersionLoggerListener.log Command line argument: --add-opens=java.base/java.util=ALL-UNNAMED
26-Nov-2025 17:40:57.204 INFO [main] org.apache.catalina.startup.VersionLoggerListener.log Command line argument: --add-opens=java.base/java.util.concurrent=ALL-UNNAMED
26-Nov-2025 17:40:57.204 INFO [main] org.apache.catalina.startup.VersionLoggerListener.log Command line argument: --add-opens=java.rmi/sun.rmi.transport=ALL-UNNAMED
26-Nov-2025 17:40:57.204 INFO [main] org.apache.catalina.startup.VersionLoggerListener.log Command line argument: -Dcatalina.base=/Users/sahilpatel/Applications/apache-tomcat-10.1.49
26-Nov-2025 17:40:57.204 INFO [main] org.apache.catalina.startup.VersionLoggerListener.log Command line argument: -Dcatalina.home=/Users/sahilpatel/Applications/apache-tomcat-10.1.49
26-Nov-2025 17:40:57.204 INFO [main] org.apache.catalina.startup.VersionLoggerListener.log Command line argument: -Djava.io.tmpdir=/Users/sahilpatel/Applications/apache-tomcat-10.1.49/temp
WARNING: A restricted method in java.lang.System has been called
WARNING: java.lang.System::load has been called by org.apache.tomcat.jni.Library in an unnamed module (file:/Users/sahilpatel/Applications/apache-tomcat-10.1.49/lib/tomcat-jni.jar)
WARNING: Use --enable-native-access=ALL-UNNAMED to avoid a warning for callers in this module
WARNING: Restricted methods will be blocked in a future release unless native access is enabled

26-Nov-2025 17:40:57.208 INFO [main] org.apache.catalina.core.AprLifecycleListener.lifecycleEvent The Apache Tomcat Native library which allows using OpenSSL was not found on the java.library.path: [/Users/sahilpatel/Library/Java/Extensions:/Library/Java/Extensions:/Network/Library/Java/Extensions:/System/Library/Java/Extensions:/usr/lib/java:.]
26-Nov-2025 17:40:57.306 INFO [main] org.apache.coyote.AbstractProtocol.init Initializing ProtocolHandler ["http-nio-8080"]
26-Nov-2025 17:40:57.316 INFO [main] org.apache.catalina.startup.Catalina.load Server initialization in [181] milliseconds
26-Nov-2025 17:40:57.329 INFO [main] org.apache.catalina.core.StandardService.startInternal Starting service [Catalina]
26-Nov-2025 17:40:57.329 INFO [main] org.apache.catalina.core.StandardEngine.startInternal Starting Servlet engine: [Apache Tomcat/10.1.49]
26-Nov-2025 17:40:57.334 INFO [main] org.apache.catalina.startup.HostConfig.deployWAR Deploying web application archive [/Users/sahilpatel/Applications/apache-tomcat-10.1.49/webapps/SiyaramamFilmsEnquiry-1.0-SNAPSHOT.war]
26-Nov-2025 17:40:57.429 INFO [main] org.apache.catalina.startup.HostConfig.deployWAR Deployment of web application archive [/Users/sahilpatel/Applications/apache-tomcat-10.1.49/webapps/SiyaramamFilmsEnquiry-1.0-SNAPSHOT.war] has finished in [94] ms
26-Nov-2025 17:40:57.429 INFO [main] org.apache.catalina.startup.HostConfig.deployDirectory Deploying web application directory [/Users/sahilpatel/Applications/apache-tomcat-10.1.49/webapps/docs]
26-Nov-2025 17:40:57.437 INFO [main] org.apache.catalina.startup.HostConfig.deployDirectory Deployment of web application directory [/Users/sahilpatel/Applications/apache-tomcat-10.1.49/webapps/docs] has finished in [8] ms
26-Nov-2025 17:40:57.437 INFO [main] org.apache.catalina.startup.HostConfig.deployDirectory Deploying web application directory [/Users/sahilpatel/Applications/apache-tomcat-10.1.49/webapps/manager]
26-Nov-2025 17:40:57.447 INFO [main] org.apache.catalina.startup.HostConfig.deployDirectory Deployment of web application directory [/Users/sahilpatel/Applications/apache-tomcat-10.1.49/webapps/manager] has finished in [10] ms
26-Nov-2025 17:40:57.447 INFO [main] org.apache.catalina.startup.HostConfig.deployDirectory Deploying web application directory [/Users/sahilpatel/Applications/apache-tomcat-10.1.49/webapps/examples]
26-Nov-2025 17:40:57.528 INFO [main] org.apache.catalina.startup.HostConfig.deployDirectory Deployment of web application directory [/Users/sahilpatel/Applications/apache-tomcat-10.1.49/webapps/examples] has finished in [81] ms
26-Nov-2025 17:40:57.528 INFO [main] org.apache.catalina.startup.HostConfig.deployDirectory Deploying web application directory [/Users/sahilpatel/Applications/apache-tomcat-10.1.49/webapps/ROOT]
26-Nov-2025 17:40:57.533 INFO [main] org.apache.catalina.startup.HostConfig.deployDirectory Deployment of web application directory [/Users/sahilpatel/Applications/apache-tomcat-10.1.49/webapps/ROOT] has finished in [5] ms
26-Nov-2025 17:40:57.533 INFO [main] org.apache.catalina.startup.HostConfig.deployDirectory Deploying web application directory [/Users/sahilpatel/Applications/apache-tomcat-10.1.49/webapps/host-manager]
26-Nov-2025 17:40:57.538 INFO [main] org.apache.catalina.startup.HostConfig.deployDirectory Deployment of web application directory [/Users/sahilpatel/Applications/apache-tomcat-10.1.49/webapps/host-manager] has finished in [5] ms
26-Nov-2025 17:40:57.540 INFO [main] org.apache.coyote.AbstractProtocol.start Starting ProtocolHandler ["http-nio-8080"]
26-Nov-2025 17:40:57.543 INFO [main] org.apache.catalina.startup.Catalina.start Server startup in [226] milliseconds
26-Nov-2025 17:47:37.823 INFO [Catalina-utility-1] org.apache.catalina.startup.HostConfig.deployWAR Deploying web application archive [/Users/sahilpatel/Applications/apache-tomcat-10.1.49/webapps/SiyaramamFilmsEnquiry-0.1.war]
26-Nov-2025 17:47:37.853 INFO [Catalina-utility-1] org.apache.catalina.startup.HostConfig.deployWAR Deployment of web application archive [/Users/sahilpatel/Applications/apache-tomcat-10.1.49/webapps/SiyaramamFilmsEnquiry-0.1.war] has finished in [30] ms
Hello World!!!
Hello World!!!
Hello World!!!
Hello World!!!
Hello World!!!
Hello World!!!
Hello World!!!
Hello World!!!
Hello World!!!
Hello World!!!
Hello World!!!
Hello World!!!
Hello World!!!
Hello World!!!
26-Nov-2025 18:00:43.533 INFO [main] org.apache.catalina.core.StandardServer.await A valid shutdown command was received via the shutdown port. Stopping the Server instance.
26-Nov-2025 18:00:43.534 INFO [main] org.apache.coyote.AbstractProtocol.pause Pausing ProtocolHandler ["http-nio-8080"]
26-Nov-2025 18:00:43.541 INFO [main] org.apache.catalina.core.StandardService.stopInternal Stopping service [Catalina]
26-Nov-2025 18:00:43.563 INFO [main] org.apache.coyote.AbstractProtocol.stop Stopping ProtocolHandler ["http-nio-8080"]
26-Nov-2025 18:00:43.578 INFO [main] org.apache.coyote.AbstractProtocol.destroy Destroying ProtocolHandler ["http-nio-8080"]
08-Feb-2026 13:26:52.911 INFO [main] org.apache.catalina.startup.VersionLoggerListener.log Server version name:   Apache Tomcat/10.1.49
08-Feb-2026 13:26:52.912 INFO [main] org.apache.catalina.startup.VersionLoggerListener.log Server built:          Nov 6 2025 01:31:11 UTC
08-Feb-2026 13:26:52.912 INFO [main] org.apache.catalina.startup.VersionLoggerListener.log Server version number: 10.1.49.0
08-Feb-2026 13:26:52.912 INFO [main] org.apache.catalina.startup.VersionLoggerListener.log OS Name:               Mac OS X
08-Feb-2026 13:26:52.912 INFO [main] org.apache.catalina.startup.VersionLoggerListener.log OS Version:            26.2
08-Feb-2026 13:26:52.913 INFO [main] org.apache.catalina.startup.VersionLoggerListener.log Architecture:          aarch64
08-Feb-2026 13:26:52.913 INFO [main] org.apache.catalina.startup.VersionLoggerListener.log Java Home:             /Users/sahilpatel/Library/Java/JavaVirtualMachines/openjdk-25.0.1/Contents/Home
08-Feb-2026 13:26:52.913 INFO [main] org.apache.catalina.startup.VersionLoggerListener.log JVM Version:           25.0.1+8-27
08-Feb-2026 13:26:52.913 INFO [main] org.apache.catalina.startup.VersionLoggerListener.log JVM Vendor:            Oracle Corporation
08-Feb-2026 13:26:52.913 INFO [main] org.apache.catalina.startup.VersionLoggerListener.log CATALINA_BASE:         /Users/sahilpatel/Code/DeliverIt/apache-tomcat-10.1.49
08-Feb-2026 13:26:52.913 INFO [main] org.apache.catalina.startup.VersionLoggerListener.log CATALINA_HOME:         /Users/sahilpatel/Code/DeliverIt/apache-tomcat-10.1.49
08-Feb-2026 13:26:52.916 INFO [main] org.apache.catalina.startup.VersionLoggerListener.log Command line argument: -Djava.util.logging.config.file=/Users/sahilpatel/Code/DeliverIt/apache-tomcat-10.1.49/conf/logging.properties
08-Feb-2026 13:26:52.916 INFO [main] org.apache.catalina.startup.VersionLoggerListener.log Command line argument: -Djava.util.logging.manager=org.apache.juli.ClassLoaderLogManager
08-Feb-2026 13:26:52.916 INFO [main] org.apache.catalina.startup.VersionLoggerListener.log Command line argument: -Djdk.tls.ephemeralDHKeySize=2048
08-Feb-2026 13:26:52.916 INFO [main] org.apache.catalina.startup.VersionLoggerListener.log Command line argument: -Djava.protocol.handler.pkgs=org.apache.catalina.webresources
08-Feb-2026 13:26:52.916 INFO [main] org.apache.catalina.startup.VersionLoggerListener.log Command line argument: -Dsun.io.useCanonCaches=false
08-Feb-2026 13:26:52.916 INFO [main] org.apache.catalina.startup.VersionLoggerListener.log Command line argument: -Dorg.apache.catalina.security.SecurityListener.UMASK=0027
08-Feb-2026 13:26:52.916 INFO [main] org.apache.catalina.startup.VersionLoggerListener.log Command line argument: --add-opens=java.base/java.lang=ALL-UNNAMED
08-Feb-2026 13:26:52.916 INFO [main] org.apache.catalina.startup.VersionLoggerListener.log Command line argument: --add-opens=java.base/java.lang.reflect=ALL-UNNAMED
08-Feb-2026 13:26:52.917 INFO [main] org.apache.catalina.startup.VersionLoggerListener.log Command line argument: --add-opens=java.base/java.io=ALL-UNNAMED
08-Feb-2026 13:26:52.917 INFO [main] org.apache.catalina.startup.VersionLoggerListener.log Command line argument: --add-opens=java.base/java.util=ALL-UNNAMED
08-Feb-2026 13:26:52.917 INFO [main] org.apache.catalina.startup.VersionLoggerListener.log Command line argument: --add-opens=java.base/java.util.concurrent=ALL-UNNAMED
08-Feb-2026 13:26:52.917 INFO [main] org.apache.catalina.startup.VersionLoggerListener.log Command line argument: --add-opens=java.rmi/sun.rmi.transport=ALL-UNNAMED
08-Feb-2026 13:26:52.917 INFO [main] org.apache.catalina.startup.VersionLoggerListener.log Command line argument: -Dcatalina.base=/Users/sahilpatel/Code/DeliverIt/apache-tomcat-10.1.49
08-Feb-2026 13:26:52.917 INFO [main] org.apache.catalina.startup.VersionLoggerListener.log Command line argument: -Dcatalina.home=/Users/sahilpatel/Code/DeliverIt/apache-tomcat-10.1.49
08-Feb-2026 13:26:52.917 INFO [main] org.apache.catalina.startup.VersionLoggerListener.log Command line argument: -Djava.io.tmpdir=/Users/sahilpatel/Code/DeliverIt/apache-tomcat-10.1.49/temp
WARNING: A restricted method in java.lang.System has been called
WARNING: java.lang.System::load has been called by org.apache.tomcat.jni.Library in an unnamed module (file:/Users/sahilpatel/Code/DeliverIt/apache-tomcat-10.1.49/lib/tomcat-jni.jar)
WARNING: Use --enable-native-access=ALL-UNNAMED to avoid a warning for callers in this module
WARNING: Restricted methods will be blocked in a future release unless native access is enabled

08-Feb-2026 13:26:52.920 INFO [main] org.apache.catalina.core.AprLifecycleListener.lifecycleEvent The Apache Tomcat Native library which allows using OpenSSL was not found on the java.library.path: [/Users/sahilpatel/Library/Java/Extensions:/Library/Java/Extensions:/Network/Library/Java/Extensions:/System/Library/Java/Extensions:/usr/lib/java:.]
08-Feb-2026 13:26:53.007 INFO [main] org.apache.coyote.AbstractProtocol.init Initializing ProtocolHandler ["http-nio-8080"]
08-Feb-2026 13:26:53.014 INFO [main] org.apache.catalina.startup.Catalina.load Server initialization in [157] milliseconds
08-Feb-2026 13:26:53.024 INFO [main] org.apache.catalina.core.StandardService.startInternal Starting service [Catalina]
08-Feb-2026 13:26:53.024 INFO [main] org.apache.catalina.core.StandardEngine.startInternal Starting Servlet engine: [Apache Tomcat/10.1.49]
08-Feb-2026 13:26:53.028 INFO [main] org.apache.catalina.startup.HostConfig.deployWAR Deploying web application archive [/Users/sahilpatel/Code/DeliverIt/apache-tomcat-10.1.49/webapps/SiyaramamFilmsEnquiry-1.0-SNAPSHOT.war]
08-Feb-2026 13:26:53.033 INFO [main] org.apache.catalina.startup.ExpandWar.expand An expanded directory [/Users/sahilpatel/Code/DeliverIt/apache-tomcat-10.1.49/webapps/SiyaramamFilmsEnquiry-1.0-SNAPSHOT] was found with a last modified time that did not match the associated WAR. It will be deleted.
08-Feb-2026 13:26:53.107 INFO [main] org.apache.catalina.startup.HostConfig.deployWAR Deployment of web application archive [/Users/sahilpatel/Code/DeliverIt/apache-tomcat-10.1.49/webapps/SiyaramamFilmsEnquiry-1.0-SNAPSHOT.war] has finished in [78] ms
08-Feb-2026 13:26:53.107 INFO [main] org.apache.catalina.startup.HostConfig.deployWAR Deploying web application archive [/Users/sahilpatel/Code/DeliverIt/apache-tomcat-10.1.49/webapps/sample.war]
08-Feb-2026 13:26:53.118 INFO [main] org.apache.catalina.startup.HostConfig.deployWAR Deployment of web application archive [/Users/sahilpatel/Code/DeliverIt/apache-tomcat-10.1.49/webapps/sample.war] has finished in [11] ms
08-Feb-2026 13:26:53.118 INFO [main] org.apache.catalina.startup.HostConfig.deployWAR Deploying web application archive [/Users/sahilpatel/Code/DeliverIt/apache-tomcat-10.1.49/webapps/SiyaramamFilmsEnquiry-0.2.war]
08-Feb-2026 13:26:53.127 INFO [main] org.apache.catalina.startup.HostConfig.deployWAR Deployment of web application archive [/Users/sahilpatel/Code/DeliverIt/apache-tomcat-10.1.49/webapps/SiyaramamFilmsEnquiry-0.2.war] has finished in [9] ms
08-Feb-2026 13:26:53.127 INFO [main] org.apache.catalina.startup.HostConfig.deployWAR Deploying web application archive [/Users/sahilpatel/Code/DeliverIt/apache-tomcat-10.1.49/webapps/SiyaramamFilmsEnquiry-0.1.war]
08-Feb-2026 13:26:53.128 INFO [main] org.apache.catalina.startup.ExpandWar.expand An expanded directory [/Users/sahilpatel/Code/DeliverIt/apache-tomcat-10.1.49/webapps/SiyaramamFilmsEnquiry-0.1] was found with a last modified time that did not match the associated WAR. It will be deleted.
08-Feb-2026 13:26:53.139 INFO [main] org.apache.catalina.startup.HostConfig.deployWAR Deployment of web application archive [/Users/sahilpatel/Code/DeliverIt/apache-tomcat-10.1.49/webapps/SiyaramamFilmsEnquiry-0.1.war] has finished in [12] ms
08-Feb-2026 13:26:53.140 INFO [main] org.apache.catalina.startup.HostConfig.deployDirectory Deploying web application directory [/Users/sahilpatel/Code/DeliverIt/apache-tomcat-10.1.49/webapps/docs]
08-Feb-2026 13:26:53.147 INFO [main] org.apache.catalina.startup.HostConfig.deployDirectory Deployment of web application directory [/Users/sahilpatel/Code/DeliverIt/apache-tomcat-10.1.49/webapps/docs] has finished in [7] ms
08-Feb-2026 13:26:53.147 INFO [main] org.apache.catalina.startup.HostConfig.deployDirectory Deploying web application directory [/Users/sahilpatel/Code/DeliverIt/apache-tomcat-10.1.49/webapps/manager]
08-Feb-2026 13:26:53.155 INFO [main] org.apache.catalina.startup.HostConfig.deployDirectory Deployment of web application directory [/Users/sahilpatel/Code/DeliverIt/apache-tomcat-10.1.49/webapps/manager] has finished in [8] ms
08-Feb-2026 13:26:53.155 INFO [main] org.apache.catalina.startup.HostConfig.deployDirectory Deploying web application directory [/Users/sahilpatel/Code/DeliverIt/apache-tomcat-10.1.49/webapps/examples]
08-Feb-2026 13:26:53.219 INFO [main] org.apache.catalina.startup.HostConfig.deployDirectory Deployment of web application directory [/Users/sahilpatel/Code/DeliverIt/apache-tomcat-10.1.49/webapps/examples] has finished in [64] ms
08-Feb-2026 13:26:53.219 INFO [main] org.apache.catalina.startup.HostConfig.deployDirectory Deploying web application directory [/Users/sahilpatel/Code/DeliverIt/apache-tomcat-10.1.49/webapps/ROOT]
08-Feb-2026 13:26:53.224 INFO [main] org.apache.catalina.startup.HostConfig.deployDirectory Deployment of web application directory [/Users/sahilpatel/Code/DeliverIt/apache-tomcat-10.1.49/webapps/ROOT] has finished in [4] ms
08-Feb-2026 13:26:53.224 INFO [main] org.apache.catalina.startup.HostConfig.deployDirectory Deploying web application directory [/Users/sahilpatel/Code/DeliverIt/apache-tomcat-10.1.49/webapps/host-manager]
08-Feb-2026 13:26:53.229 INFO [main] org.apache.catalina.startup.HostConfig.deployDirectory Deployment of web application directory [/Users/sahilpatel/Code/DeliverIt/apache-tomcat-10.1.49/webapps/host-manager] has finished in [5] ms
08-Feb-2026 13:26:53.230 INFO [main] org.apache.coyote.AbstractProtocol.start Starting ProtocolHandler ["http-nio-8080"]
08-Feb-2026 13:26:53.233 INFO [main] org.apache.catalina.startup.Catalina.start Server startup in [218] milliseconds
08-Feb-2026 13:29:48.815 INFO [main] org.apache.catalina.core.StandardServer.await A valid shutdown command was received via the shutdown port. Stopping the Server instance.
08-Feb-2026 13:29:48.816 INFO [main] org.apache.coyote.AbstractProtocol.pause Pausing ProtocolHandler ["http-nio-8080"]
08-Feb-2026 13:29:48.818 INFO [main] org.apache.catalina.core.StandardService.stopInternal Stopping service [Catalina]
08-Feb-2026 13:29:48.826 INFO [main] org.apache.coyote.AbstractProtocol.stop Stopping ProtocolHandler ["http-nio-8080"]
08-Feb-2026 13:29:48.828 INFO [main] org.apache.coyote.AbstractProtocol.destroy Destroying ProtocolHandler ["http-nio-8080"]
08-Feb-2026 13:30:00.932 INFO [main] org.apache.catalina.startup.VersionLoggerListener.log Server version name:   Apache Tomcat/10.1.49
08-Feb-2026 13:30:00.933 INFO [main] org.apache.catalina.startup.VersionLoggerListener.log Server built:          Nov 6 2025 01:31:11 UTC
08-Feb-2026 13:30:00.934 INFO [main] org.apache.catalina.startup.VersionLoggerListener.log Server version number: 10.1.49.0
08-Feb-2026 13:30:00.934 INFO [main] org.apache.catalina.startup.VersionLoggerListener.log OS Name:               Mac OS X
08-Feb-2026 13:30:00.934 INFO [main] org.apache.catalina.startup.VersionLoggerListener.log OS Version:            26.2
08-Feb-2026 13:30:00.934 INFO [main] org.apache.catalina.startup.VersionLoggerListener.log Architecture:          aarch64
08-Feb-2026 13:30:00.934 INFO [main] org.apache.catalina.startup.VersionLoggerListener.log Java Home:             /Users/sahilpatel/Library/Java/JavaVirtualMachines/openjdk-25.0.1/Contents/Home
08-Feb-2026 13:30:00.934 INFO [main] org.apache.catalina.startup.VersionLoggerListener.log JVM Version:           25.0.1+8-27
08-Feb-2026 13:30:00.934 INFO [main] org.apache.catalina.startup.VersionLoggerListener.log JVM Vendor:            Oracle Corporation
08-Feb-2026 13:30:00.934 INFO [main] org.apache.catalina.startup.VersionLoggerListener.log CATALINA_BASE:         /Users/sahilpatel/Code/DeliverIt/apache-tomcat-10.1.49
08-Feb-2026 13:30:00.934 INFO [main] org.apache.catalina.startup.VersionLoggerListener.log CATALINA_HOME:         /Users/sahilpatel/Code/DeliverIt/apache-tomcat-10.1.49
08-Feb-2026 13:30:00.937 INFO [main] org.apache.catalina.startup.VersionLoggerListener.log Command line argument: -Djava.util.logging.config.file=/Users/sahilpatel/Code/DeliverIt/apache-tomcat-10.1.49/conf/logging.properties
08-Feb-2026 13:30:00.937 INFO [main] org.apache.catalina.startup.VersionLoggerListener.log Command line argument: -Djava.util.logging.manager=org.apache.juli.ClassLoaderLogManager
08-Feb-2026 13:30:00.937 INFO [main] org.apache.catalina.startup.VersionLoggerListener.log Command line argument: -Djdk.tls.ephemeralDHKeySize=2048
08-Feb-2026 13:30:00.937 INFO [main] org.apache.catalina.startup.VersionLoggerListener.log Command line argument: -Djava.protocol.handler.pkgs=org.apache.catalina.webresources
08-Feb-2026 13:30:00.937 INFO [main] org.apache.catalina.startup.VersionLoggerListener.log Command line argument: -Dsun.io.useCanonCaches=false
08-Feb-2026 13:30:00.937 INFO [main] org.apache.catalina.startup.VersionLoggerListener.log Command line argument: -Dorg.apache.catalina.security.SecurityListener.UMASK=0027
08-Feb-2026 13:30:00.937 INFO [main] org.apache.catalina.startup.VersionLoggerListener.log Command line argument: --add-opens=java.base/java.lang=ALL-UNNAMED
08-Feb-2026 13:30:00.937 INFO [main] org.apache.catalina.startup.VersionLoggerListener.log Command line argument: --add-opens=java.base/java.lang.reflect=ALL-UNNAMED
08-Feb-2026 13:30:00.937 INFO [main] org.apache.catalina.startup.VersionLoggerListener.log Command line argument: --add-opens=java.base/java.io=ALL-UNNAMED
08-Feb-2026 13:30:00.937 INFO [main] org.apache.catalina.startup.VersionLoggerListener.log Command line argument: --add-opens=java.base/java.util=ALL-UNNAMED
08-Feb-2026 13:30:00.937 INFO [main] org.apache.catalina.startup.VersionLoggerListener.log Command line argument: --add-opens=java.base/java.util.concurrent=ALL-UNNAMED
08-Feb-2026 13:30:00.937 INFO [main] org.apache.catalina.startup.VersionLoggerListener.log Command line argument: --add-opens=java.rmi/sun.rmi.transport=ALL-UNNAMED
08-Feb-2026 13:30:00.938 INFO [main] org.apache.catalina.startup.VersionLoggerListener.log Command line argument: -Dcatalina.base=/Users/sahilpatel/Code/DeliverIt/apache-tomcat-10.1.49
08-Feb-2026 13:30:00.938 INFO [main] org.apache.catalina.startup.VersionLoggerListener.log Command line argument: -Dcatalina.home=/Users/sahilpatel/Code/DeliverIt/apache-tomcat-10.1.49
08-Feb-2026 13:30:00.938 INFO [main] org.apache.catalina.startup.VersionLoggerListener.log Command line argument: -Djava.io.tmpdir=/Users/sahilpatel/Code/DeliverIt/apache-tomcat-10.1.49/temp
WARNING: A restricted method in java.lang.System has been called
WARNING: java.lang.System::load has been called by org.apache.tomcat.jni.Library in an unnamed module (file:/Users/sahilpatel/Code/DeliverIt/apache-tomcat-10.1.49/lib/tomcat-jni.jar)
WARNING: Use --enable-native-access=ALL-UNNAMED to avoid a warning for callers in this module
WARNING: Restricted methods will be blocked in a future release unless native access is enabled

08-Feb-2026 13:30:00.941 INFO [main] org.apache.catalina.core.AprLifecycleListener.lifecycleEvent The Apache Tomcat Native library which allows using OpenSSL was not found on the java.library.path: [/Users/sahilpatel/Library/Java/Extensions:/Library/Java/Extensions:/Network/Library/Java/Extensions:/System/Library/Java/Extensions:/usr/lib/java:.]
08-Feb-2026 13:30:01.025 INFO [main] org.apache.coyote.AbstractProtocol.init Initializing ProtocolHandler ["http-nio-8080"]
08-Feb-2026 13:30:01.032 INFO [main] org.apache.catalina.startup.Catalina.load Server initialization in [150] milliseconds
08-Feb-2026 13:30:01.041 INFO [main] org.apache.catalina.core.StandardService.startInternal Starting service [Catalina]
08-Feb-2026 13:30:01.041 INFO [main] org.apache.catalina.core.StandardEngine.startInternal Starting Servlet engine: [Apache Tomcat/10.1.49]
08-Feb-2026 13:30:01.045 INFO [main] org.apache.catalina.startup.HostConfig.deployWAR Deploying web application archive [/Users/sahilpatel/Code/DeliverIt/apache-tomcat-10.1.49/webapps/SiyaramamFilmsEnquiry-1.0-SNAPSHOT.war]
08-Feb-2026 13:30:01.118 INFO [main] org.apache.catalina.startup.HostConfig.deployWAR Deployment of web application archive [/Users/sahilpatel/Code/DeliverIt/apache-tomcat-10.1.49/webapps/SiyaramamFilmsEnquiry-1.0-SNAPSHOT.war] has finished in [72] ms
08-Feb-2026 13:30:01.119 INFO [main] org.apache.catalina.startup.HostConfig.deployWAR Deploying web application archive [/Users/sahilpatel/Code/DeliverIt/apache-tomcat-10.1.49/webapps/sample.war]
08-Feb-2026 13:30:01.128 INFO [main] org.apache.catalina.startup.HostConfig.deployWAR Deployment of web application archive [/Users/sahilpatel/Code/DeliverIt/apache-tomcat-10.1.49/webapps/sample.war] has finished in [9] ms
08-Feb-2026 13:30:01.128 INFO [main] org.apache.catalina.startup.HostConfig.deployWAR Deploying web application archive [/Users/sahilpatel/Code/DeliverIt/apache-tomcat-10.1.49/webapps/SiyaramamFilmsEnquiry-0.2.war]
08-Feb-2026 13:30:01.135 INFO [main] org.apache.catalina.startup.HostConfig.deployWAR Deployment of web application archive [/Users/sahilpatel/Code/DeliverIt/apache-tomcat-10.1.49/webapps/SiyaramamFilmsEnquiry-0.2.war] has finished in [7] ms
08-Feb-2026 13:30:01.135 INFO [main] org.apache.catalina.startup.HostConfig.deployWAR Deploying web application archive [/Users/sahilpatel/Code/DeliverIt/apache-tomcat-10.1.49/webapps/SiyaramamFilmsEnquiry-0.1.war]
08-Feb-2026 13:30:01.145 INFO [main] org.apache.catalina.startup.HostConfig.deployWAR Deployment of web application archive [/Users/sahilpatel/Code/DeliverIt/apache-tomcat-10.1.49/webapps/SiyaramamFilmsEnquiry-0.1.war] has finished in [10] ms
08-Feb-2026 13:30:01.145 INFO [main] org.apache.catalina.startup.HostConfig.deployDirectory Deploying web application directory [/Users/sahilpatel/Code/DeliverIt/apache-tomcat-10.1.49/webapps/docs]
08-Feb-2026 13:30:01.152 INFO [main] org.apache.catalina.startup.HostConfig.deployDirectory Deployment of web application directory [/Users/sahilpatel/Code/DeliverIt/apache-tomcat-10.1.49/webapps/docs] has finished in [7] ms
08-Feb-2026 13:30:01.152 INFO [main] org.apache.catalina.startup.HostConfig.deployDirectory Deploying web application directory [/Users/sahilpatel/Code/DeliverIt/apache-tomcat-10.1.49/webapps/manager]
08-Feb-2026 13:30:01.160 INFO [main] org.apache.catalina.startup.HostConfig.deployDirectory Deployment of web application directory [/Users/sahilpatel/Code/DeliverIt/apache-tomcat-10.1.49/webapps/manager] has finished in [8] ms
08-Feb-2026 13:30:01.161 INFO [main] org.apache.catalina.startup.HostConfig.deployDirectory Deploying web application directory [/Users/sahilpatel/Code/DeliverIt/apache-tomcat-10.1.49/webapps/examples]
08-Feb-2026 13:30:01.220 INFO [main] org.apache.catalina.startup.HostConfig.deployDirectory Deployment of web application directory [/Users/sahilpatel/Code/DeliverIt/apache-tomcat-10.1.49/webapps/examples] has finished in [59] ms
08-Feb-2026 13:30:01.221 INFO [main] org.apache.catalina.startup.HostConfig.deployDirectory Deploying web application directory [/Users/sahilpatel/Code/DeliverIt/apache-tomcat-10.1.49/webapps/ROOT]
08-Feb-2026 13:30:01.225 INFO [main] org.apache.catalina.startup.HostConfig.deployDirectory Deployment of web application directory [/Users/sahilpatel/Code/DeliverIt/apache-tomcat-10.1.49/webapps/ROOT] has finished in [4] ms
08-Feb-2026 13:30:01.225 INFO [main] org.apache.catalina.startup.HostConfig.deployDirectory Deploying web application directory [/Users/sahilpatel/Code/DeliverIt/apache-tomcat-10.1.49/webapps/host-manager]
08-Feb-2026 13:30:01.230 INFO [main] org.apache.catalina.startup.HostConfig.deployDirectory Deployment of web application directory [/Users/sahilpatel/Code/DeliverIt/apache-tomcat-10.1.49/webapps/host-manager] has finished in [5] ms
08-Feb-2026 13:30:01.231 INFO [main] org.apache.coyote.AbstractProtocol.start Starting ProtocolHandler ["http-nio-8080"]
08-Feb-2026 13:30:01.233 INFO [main] org.apache.catalina.startup.Catalina.start Server startup in [200] milliseconds
08-Feb-2026 14:18:43.176 INFO [Catalina-utility-2] org.apache.catalina.startup.HostConfig.deployDirectory Deploying web application directory [/Users/sahilpatel/Code/DeliverIt/apache-tomcat-10.1.49/webapps/DeliverIt-1.1-SNAPSHOT]
08-Feb-2026 14:18:43.196 INFO [Catalina-utility-2] org.apache.catalina.startup.HostConfig.deployDirectory Deployment of web application directory [/Users/sahilpatel/Code/DeliverIt/apache-tomcat-10.1.49/webapps/DeliverIt-1.1-SNAPSHOT] has finished in [20] ms
08-Feb-2026 14:18:50.686 INFO [main] org.apache.catalina.core.StandardServer.await A valid shutdown command was received via the shutdown port. Stopping the Server instance.
08-Feb-2026 14:18:50.686 INFO [main] org.apache.coyote.AbstractProtocol.pause Pausing ProtocolHandler ["http-nio-8080"]
08-Feb-2026 14:18:50.690 INFO [main] org.apache.catalina.core.StandardService.stopInternal Stopping service [Catalina]
08-Feb-2026 14:18:50.698 INFO [main] org.apache.coyote.AbstractProtocol.stop Stopping ProtocolHandler ["http-nio-8080"]
08-Feb-2026 14:18:50.701 INFO [main] org.apache.coyote.AbstractProtocol.destroy Destroying ProtocolHandler ["http-nio-8080"]
08-Feb-2026 14:18:56.137 INFO [main] org.apache.catalina.startup.VersionLoggerListener.log Server version name:   Apache Tomcat/10.1.49
08-Feb-2026 14:18:56.139 INFO [main] org.apache.catalina.startup.VersionLoggerListener.log Server built:          Nov 6 2025 01:31:11 UTC
08-Feb-2026 14:18:56.139 INFO [main] org.apache.catalina.startup.VersionLoggerListener.log Server version number: 10.1.49.0
08-Feb-2026 14:18:56.139 INFO [main] org.apache.catalina.startup.VersionLoggerListener.log OS Name:               Mac OS X
08-Feb-2026 14:18:56.139 INFO [main] org.apache.catalina.startup.VersionLoggerListener.log OS Version:            26.2
08-Feb-2026 14:18:56.139 INFO [main] org.apache.catalina.startup.VersionLoggerListener.log Architecture:          aarch64
08-Feb-2026 14:18:56.139 INFO [main] org.apache.catalina.startup.VersionLoggerListener.log Java Home:             /Users/sahilpatel/Library/Java/JavaVirtualMachines/openjdk-25.0.1/Contents/Home
08-Feb-2026 14:18:56.139 INFO [main] org.apache.catalina.startup.VersionLoggerListener.log JVM Version:           25.0.1+8-27
08-Feb-2026 14:18:56.139 INFO [main] org.apache.catalina.startup.VersionLoggerListener.log JVM Vendor:            Oracle Corporation
08-Feb-2026 14:18:56.139 INFO [main] org.apache.catalina.startup.VersionLoggerListener.log CATALINA_BASE:         /Users/sahilpatel/Code/DeliverIt/apache-tomcat-10.1.49
08-Feb-2026 14:18:56.140 INFO [main] org.apache.catalina.startup.VersionLoggerListener.log CATALINA_HOME:         /Users/sahilpatel/Code/DeliverIt/apache-tomcat-10.1.49
08-Feb-2026 14:18:56.143 INFO [main] org.apache.catalina.startup.VersionLoggerListener.log Command line argument: -Djava.util.logging.config.file=/Users/sahilpatel/Code/DeliverIt/apache-tomcat-10.1.49/conf/logging.properties
08-Feb-2026 14:18:56.143 INFO [main] org.apache.catalina.startup.VersionLoggerListener.log Command line argument: -Djava.util.logging.manager=org.apache.juli.ClassLoaderLogManager
08-Feb-2026 14:18:56.143 INFO [main] org.apache.catalina.startup.VersionLoggerListener.log Command line argument: -Djdk.tls.ephemeralDHKeySize=2048
08-Feb-2026 14:18:56.143 INFO [main] org.apache.catalina.startup.VersionLoggerListener.log Command line argument: -Djava.protocol.handler.pkgs=org.apache.catalina.webresources
08-Feb-2026 14:18:56.143 INFO [main] org.apache.catalina.startup.VersionLoggerListener.log Command line argument: -Dsun.io.useCanonCaches=false
08-Feb-2026 14:18:56.143 INFO [main] org.apache.catalina.startup.VersionLoggerListener.log Command line argument: -Dorg.apache.catalina.security.SecurityListener.UMASK=0027
08-Feb-2026 14:18:56.143 INFO [main] org.apache.catalina.startup.VersionLoggerListener.log Command line argument: --add-opens=java.base/java.lang=ALL-UNNAMED
08-Feb-2026 14:18:56.143 INFO [main] org.apache.catalina.startup.VersionLoggerListener.log Command line argument: --add-opens=java.base/java.lang.reflect=ALL-UNNAMED
08-Feb-2026 14:18:56.143 INFO [main] org.apache.catalina.startup.VersionLoggerListener.log Command line argument: --add-opens=java.base/java.io=ALL-UNNAMED
08-Feb-2026 14:18:56.143 INFO [main] org.apache.catalina.startup.VersionLoggerListener.log Command line argument: --add-opens=java.base/java.util=ALL-UNNAMED
08-Feb-2026 14:18:56.143 INFO [main] org.apache.catalina.startup.VersionLoggerListener.log Command line argument: --add-opens=java.base/java.util.concurrent=ALL-UNNAMED
08-Feb-2026 14:18:56.143 INFO [main] org.apache.catalina.startup.VersionLoggerListener.log Command line argument: --add-opens=java.rmi/sun.rmi.transport=ALL-UNNAMED
08-Feb-2026 14:18:56.143 INFO [main] org.apache.catalina.startup.VersionLoggerListener.log Command line argument: -Dcatalina.base=/Users/sahilpatel/Code/DeliverIt/apache-tomcat-10.1.49
08-Feb-2026 14:18:56.143 INFO [main] org.apache.catalina.startup.VersionLoggerListener.log Command line argument: -Dcatalina.home=/Users/sahilpatel/Code/DeliverIt/apache-tomcat-10.1.49
08-Feb-2026 14:18:56.144 INFO [main] org.apache.catalina.startup.VersionLoggerListener.log Command line argument: -Djava.io.tmpdir=/Users/sahilpatel/Code/DeliverIt/apache-tomcat-10.1.49/temp
WARNING: A restricted method in java.lang.System has been called
WARNING: java.lang.System::load has been called by org.apache.tomcat.jni.Library in an unnamed module (file:/Users/sahilpatel/Code/DeliverIt/apache-tomcat-10.1.49/lib/tomcat-jni.jar)
WARNING: Use --enable-native-access=ALL-UNNAMED to avoid a warning for callers in this module
WARNING: Restricted methods will be blocked in a future release unless native access is enabled

08-Feb-2026 14:18:56.147 INFO [main] org.apache.catalina.core.AprLifecycleListener.lifecycleEvent The Apache Tomcat Native library which allows using OpenSSL was not found on the java.library.path: [/Users/sahilpatel/Library/Java/Extensions:/Library/Java/Extensions:/Network/Library/Java/Extensions:/System/Library/Java/Extensions:/usr/lib/java:.]
08-Feb-2026 14:18:56.232 INFO [main] org.apache.coyote.AbstractProtocol.init Initializing ProtocolHandler ["http-nio-8080"]
08-Feb-2026 14:18:56.240 INFO [main] org.apache.catalina.startup.Catalina.load Server initialization in [150] milliseconds
08-Feb-2026 14:18:56.249 INFO [main] org.apache.catalina.core.StandardService.startInternal Starting service [Catalina]
08-Feb-2026 14:18:56.249 INFO [main] org.apache.catalina.core.StandardEngine.startInternal Starting Servlet engine: [Apache Tomcat/10.1.49]
08-Feb-2026 14:18:56.253 INFO [main] org.apache.catalina.startup.HostConfig.deployWAR Deploying web application archive [/Users/sahilpatel/Code/DeliverIt/apache-tomcat-10.1.49/webapps/SiyaramamFilmsEnquiry-1.0-SNAPSHOT.war]
08-Feb-2026 14:18:56.327 INFO [main] org.apache.catalina.startup.HostConfig.deployWAR Deployment of web application archive [/Users/sahilpatel/Code/DeliverIt/apache-tomcat-10.1.49/webapps/SiyaramamFilmsEnquiry-1.0-SNAPSHOT.war] has finished in [73] ms
08-Feb-2026 14:18:56.328 INFO [main] org.apache.catalina.startup.HostConfig.deployWAR Deploying web application archive [/Users/sahilpatel/Code/DeliverIt/apache-tomcat-10.1.49/webapps/sample.war]
08-Feb-2026 14:18:56.337 INFO [main] org.apache.catalina.startup.HostConfig.deployWAR Deployment of web application archive [/Users/sahilpatel/Code/DeliverIt/apache-tomcat-10.1.49/webapps/sample.war] has finished in [9] ms
08-Feb-2026 14:18:56.337 INFO [main] org.apache.catalina.startup.HostConfig.deployWAR Deploying web application archive [/Users/sahilpatel/Code/DeliverIt/apache-tomcat-10.1.49/webapps/SiyaramamFilmsEnquiry-0.2.war]
08-Feb-2026 14:18:56.344 INFO [main] org.apache.catalina.startup.HostConfig.deployWAR Deployment of web application archive [/Users/sahilpatel/Code/DeliverIt/apache-tomcat-10.1.49/webapps/SiyaramamFilmsEnquiry-0.2.war] has finished in [7] ms
08-Feb-2026 14:18:56.345 INFO [main] org.apache.catalina.startup.HostConfig.deployWAR Deploying web application archive [/Users/sahilpatel/Code/DeliverIt/apache-tomcat-10.1.49/webapps/SiyaramamFilmsEnquiry-0.1.war]
08-Feb-2026 14:18:56.354 INFO [main] org.apache.catalina.startup.HostConfig.deployWAR Deployment of web application archive [/Users/sahilpatel/Code/DeliverIt/apache-tomcat-10.1.49/webapps/SiyaramamFilmsEnquiry-0.1.war] has finished in [9] ms
08-Feb-2026 14:18:56.355 INFO [main] org.apache.catalina.startup.HostConfig.deployDirectory Deploying web application directory [/Users/sahilpatel/Code/DeliverIt/apache-tomcat-10.1.49/webapps/docs]
08-Feb-2026 14:18:56.362 INFO [main] org.apache.catalina.startup.HostConfig.deployDirectory Deployment of web application directory [/Users/sahilpatel/Code/DeliverIt/apache-tomcat-10.1.49/webapps/docs] has finished in [6] ms
08-Feb-2026 14:18:56.362 INFO [main] org.apache.catalina.startup.HostConfig.deployDirectory Deploying web application directory [/Users/sahilpatel/Code/DeliverIt/apache-tomcat-10.1.49/webapps/manager]
08-Feb-2026 14:18:56.370 INFO [main] org.apache.catalina.startup.HostConfig.deployDirectory Deployment of web application directory [/Users/sahilpatel/Code/DeliverIt/apache-tomcat-10.1.49/webapps/manager] has finished in [8] ms
08-Feb-2026 14:18:56.370 INFO [main] org.apache.catalina.startup.HostConfig.deployDirectory Deploying web application directory [/Users/sahilpatel/Code/DeliverIt/apache-tomcat-10.1.49/webapps/examples]
08-Feb-2026 14:18:56.431 INFO [main] org.apache.catalina.startup.HostConfig.deployDirectory Deployment of web application directory [/Users/sahilpatel/Code/DeliverIt/apache-tomcat-10.1.49/webapps/examples] has finished in [61] ms
08-Feb-2026 14:18:56.431 INFO [main] org.apache.catalina.startup.HostConfig.deployDirectory Deploying web application directory [/Users/sahilpatel/Code/DeliverIt/apache-tomcat-10.1.49/webapps/ROOT]
08-Feb-2026 14:18:56.436 INFO [main] org.apache.catalina.startup.HostConfig.deployDirectory Deployment of web application directory [/Users/sahilpatel/Code/DeliverIt/apache-tomcat-10.1.49/webapps/ROOT] has finished in [5] ms
08-Feb-2026 14:18:56.436 INFO [main] org.apache.catalina.startup.HostConfig.deployDirectory Deploying web application directory [/Users/sahilpatel/Code/DeliverIt/apache-tomcat-10.1.49/webapps/host-manager]
08-Feb-2026 14:18:56.441 INFO [main] org.apache.catalina.startup.HostConfig.deployDirectory Deployment of web application directory [/Users/sahilpatel/Code/DeliverIt/apache-tomcat-10.1.49/webapps/host-manager] has finished in [5] ms
08-Feb-2026 14:18:56.441 INFO [main] org.apache.catalina.startup.HostConfig.deployDirectory Deploying web application directory [/Users/sahilpatel/Code/DeliverIt/apache-tomcat-10.1.49/webapps/DeliverIt-1.1-SNAPSHOT]
08-Feb-2026 14:18:56.445 INFO [main] org.apache.catalina.startup.HostConfig.deployDirectory Deployment of web application directory [/Users/sahilpatel/Code/DeliverIt/apache-tomcat-10.1.49/webapps/DeliverIt-1.1-SNAPSHOT] has finished in [4] ms
08-Feb-2026 14:18:56.446 INFO [main] org.apache.coyote.AbstractProtocol.start Starting ProtocolHandler ["http-nio-8080"]
08-Feb-2026 14:18:56.449 INFO [main] org.apache.catalina.startup.Catalina.start Server startup in [209] milliseconds
08-Feb-2026 14:22:06.587 INFO [Catalina-utility-1] org.apache.catalina.startup.HostConfig.undeploy Undeploying context [/DeliverIt-1.1-SNAPSHOT]
08-Feb-2026 14:22:06.600 INFO [Catalina-utility-1] org.apache.catalina.startup.HostConfig.deployWAR Deploying web application archive [/Users/sahilpatel/Code/DeliverIt/apache-tomcat-10.1.49/webapps/DeliverIt-1.1-SNAPSHOT.war]
08-Feb-2026 14:22:06.617 INFO [Catalina-utility-1] org.apache.catalina.startup.HostConfig.deployWAR Deployment of web application archive [/Users/sahilpatel/Code/DeliverIt/apache-tomcat-10.1.49/webapps/DeliverIt-1.1-SNAPSHOT.war] has finished in [17] ms
08-Feb-2026 14:22:47.152 INFO [Catalina-utility-1] org.apache.catalina.startup.HostConfig.undeploy Undeploying context [/DeliverIt-1.1-SNAPSHOT]
08-Feb-2026 14:22:47.161 INFO [Catalina-utility-1] org.apache.catalina.startup.HostConfig.deployWAR Deploying web application archive [/Users/sahilpatel/Code/DeliverIt/apache-tomcat-10.1.49/webapps/DeliverIt-1.1-SNAPSHOT.war]
08-Feb-2026 14:22:47.184 INFO [Catalina-utility-1] org.apache.catalina.startup.HostConfig.deployWAR Deployment of web application archive [/Users/sahilpatel/Code/DeliverIt/apache-tomcat-10.1.49/webapps/DeliverIt-1.1-SNAPSHOT.war] has finished in [23] ms
08-Feb-2026 14:26:47.339 INFO [Catalina-utility-2] org.apache.catalina.startup.HostConfig.deployWAR Deploying web application archive [/Users/sahilpatel/Code/DeliverIt/apache-tomcat-10.1.49/webapps/DeliverIt-1.2-SNAPSHOT.war]
08-Feb-2026 14:26:47.367 INFO [Catalina-utility-2] org.apache.catalina.startup.HostConfig.deployWAR Deployment of web application archive [/Users/sahilpatel/Code/DeliverIt/apache-tomcat-10.1.49/webapps/DeliverIt-1.2-SNAPSHOT.war] has finished in [28] ms
08-Feb-2026 14:36:17.766 INFO [Catalina-utility-2] org.apache.catalina.startup.HostConfig.deployWAR Deploying web application archive [/Users/sahilpatel/Code/DeliverIt/apache-tomcat-10.1.49/webapps/DeliverIt-1.4-SNAPSHOT.war]
08-Feb-2026 14:36:17.789 INFO [Catalina-utility-2] org.apache.catalina.startup.HostConfig.deployWAR Deployment of web application archive [/Users/sahilpatel/Code/DeliverIt/apache-tomcat-10.1.49/webapps/DeliverIt-1.4-SNAPSHOT.war] has finished in [23] ms
08-Feb-2026 14:42:28.049 INFO [Catalina-utility-2] org.apache.catalina.startup.HostConfig.deployWAR Deploying web application archive [/Users/sahilpatel/Code/DeliverIt/apache-tomcat-10.1.49/webapps/Deliverit-1.5-SNAPSHOT.war]
08-Feb-2026 14:42:28.072 INFO [Catalina-utility-2] org.apache.catalina.startup.HostConfig.deployWAR Deployment of web application archive [/Users/sahilpatel/Code/DeliverIt/apache-tomcat-10.1.49/webapps/Deliverit-1.5-SNAPSHOT.war] has finished in [22] ms
Hello World!!!
Hello World!!!
08-Feb-2026 14:51:58.470 INFO [Catalina-utility-1] org.apache.catalina.startup.HostConfig.deployWAR Deploying web application archive [/Users/sahilpatel/Code/DeliverIt/apache-tomcat-10.1.49/webapps/Deliverit-1.6-SNAPSHOT.war]
08-Feb-2026 14:51:58.503 INFO [Catalina-utility-1] org.apache.catalina.startup.HostConfig.deployWAR Deployment of web application archive [/Users/sahilpatel/Code/DeliverIt/apache-tomcat-10.1.49/webapps/Deliverit-1.6-SNAPSHOT.war] has finished in [34] ms
08-Feb-2026 14:54:38.613 INFO [Catalina-utility-1] org.apache.catalina.startup.HostConfig.deployWAR Deploying web application archive [/Users/sahilpatel/Code/DeliverIt/apache-tomcat-10.1.49/webapps/Deliverit-1.7-SNAPSHOT.war]
08-Feb-2026 14:54:38.638 INFO [Catalina-utility-1] org.apache.catalina.startup.HostConfig.deployWAR Deployment of web application archive [/Users/sahilpatel/Code/DeliverIt/apache-tomcat-10.1.49/webapps/Deliverit-1.7-SNAPSHOT.war] has finished in [25] ms
08-Feb-2026 15:01:08.918 INFO [Catalina-utility-2] org.apache.catalina.startup.HostConfig.deployWAR Deploying web application archive [/Users/sahilpatel/Code/DeliverIt/apache-tomcat-10.1.49/webapps/Deliverit-1.8-SNAPSHOT.war]
08-Feb-2026 15:01:08.943 INFO [Catalina-utility-2] org.apache.catalina.startup.HostConfig.deployWAR Deployment of web application archive [/Users/sahilpatel/Code/DeliverIt/apache-tomcat-10.1.49/webapps/Deliverit-1.8-SNAPSHOT.war] has finished in [25] ms
08-Feb-2026 15:32:40.258 INFO [Catalina-utility-1] org.apache.catalina.startup.HostConfig.deployWAR Deploying web application archive [/Users/sahilpatel/Code/DeliverIt/apache-tomcat-10.1.49/webapps/Deliverit-1.9-SNAPSHOT.war]
08-Feb-2026 15:32:40.277 INFO [Catalina-utility-1] org.apache.catalina.startup.HostConfig.deployWAR Deployment of web application archive [/Users/sahilpatel/Code/DeliverIt/apache-tomcat-10.1.49/webapps/Deliverit-1.9-SNAPSHOT.war] has finished in [20] ms
08-Feb-2026 15:41:30.624 INFO [Catalina-utility-1] org.apache.catalina.startup.HostConfig.deployWAR Deploying web application archive [/Users/sahilpatel/Code/DeliverIt/apache-tomcat-10.1.49/webapps/Deliverit-1.10-SNAPSHOT.war]
08-Feb-2026 15:41:30.648 INFO [Catalina-utility-1] org.apache.catalina.startup.HostConfig.deployWAR Deployment of web application archive [/Users/sahilpatel/Code/DeliverIt/apache-tomcat-10.1.49/webapps/Deliverit-1.10-SNAPSHOT.war] has finished in [24] ms
08-Feb-2026 15:46:46.090 INFO [main] org.apache.catalina.core.StandardServer.await A valid shutdown command was received via the shutdown port. Stopping the Server instance.
08-Feb-2026 15:46:46.091 INFO [main] org.apache.coyote.AbstractProtocol.pause Pausing ProtocolHandler ["http-nio-8080"]
08-Feb-2026 15:46:46.103 INFO [main] org.apache.catalina.core.StandardService.stopInternal Stopping service [Catalina]
08-Feb-2026 15:46:46.126 INFO [main] org.apache.coyote.AbstractProtocol.stop Stopping ProtocolHandler ["http-nio-8080"]
08-Feb-2026 15:46:46.138 INFO [main] org.apache.coyote.AbstractProtocol.destroy Destroying ProtocolHandler ["http-nio-8080"]
08-Feb-2026 15:46:54.118 INFO [main] org.apache.catalina.startup.VersionLoggerListener.log Server version name:   Apache Tomcat/10.1.49
08-Feb-2026 15:46:54.120 INFO [main] org.apache.catalina.startup.VersionLoggerListener.log Server built:          Nov 6 2025 01:31:11 UTC
08-Feb-2026 15:46:54.120 INFO [main] org.apache.catalina.startup.VersionLoggerListener.log Server version number: 10.1.49.0
08-Feb-2026 15:46:54.120 INFO [main] org.apache.catalina.startup.VersionLoggerListener.log OS Name:               Mac OS X
08-Feb-2026 15:46:54.120 INFO [main] org.apache.catalina.startup.VersionLoggerListener.log OS Version:            26.2
08-Feb-2026 15:46:54.120 INFO [main] org.apache.catalina.startup.VersionLoggerListener.log Architecture:          aarch64
08-Feb-2026 15:46:54.120 INFO [main] org.apache.catalina.startup.VersionLoggerListener.log Java Home:             /Users/sahilpatel/Library/Java/JavaVirtualMachines/corretto-21.0.10/Contents/Home
08-Feb-2026 15:46:54.120 INFO [main] org.apache.catalina.startup.VersionLoggerListener.log JVM Version:           21.0.10+7-LTS
08-Feb-2026 15:46:54.120 INFO [main] org.apache.catalina.startup.VersionLoggerListener.log JVM Vendor:            Amazon.com Inc.
08-Feb-2026 15:46:54.120 INFO [main] org.apache.catalina.startup.VersionLoggerListener.log CATALINA_BASE:         /Users/sahilpatel/Code/DeliverIt/apache-tomcat-10.1.49
08-Feb-2026 15:46:54.120 INFO [main] org.apache.catalina.startup.VersionLoggerListener.log CATALINA_HOME:         /Users/sahilpatel/Code/DeliverIt/apache-tomcat-10.1.49
08-Feb-2026 15:46:54.125 INFO [main] org.apache.catalina.startup.VersionLoggerListener.log Command line argument: -Djava.util.logging.config.file=/Users/sahilpatel/Code/DeliverIt/apache-tomcat-10.1.49/conf/logging.properties
08-Feb-2026 15:46:54.125 INFO [main] org.apache.catalina.startup.VersionLoggerListener.log Command line argument: -Djava.util.logging.manager=org.apache.juli.ClassLoaderLogManager
08-Feb-2026 15:46:54.125 INFO [main] org.apache.catalina.startup.VersionLoggerListener.log Command line argument: -Djdk.tls.ephemeralDHKeySize=2048
08-Feb-2026 15:46:54.125 INFO [main] org.apache.catalina.startup.VersionLoggerListener.log Command line argument: -Djava.protocol.handler.pkgs=org.apache.catalina.webresources
08-Feb-2026 15:46:54.125 INFO [main] org.apache.catalina.startup.VersionLoggerListener.log Command line argument: -Dsun.io.useCanonCaches=false
08-Feb-2026 15:46:54.125 INFO [main] org.apache.catalina.startup.VersionLoggerListener.log Command line argument: -Dorg.apache.catalina.security.SecurityListener.UMASK=0027
08-Feb-2026 15:46:54.125 INFO [main] org.apache.catalina.startup.VersionLoggerListener.log Command line argument: --add-opens=java.base/java.lang=ALL-UNNAMED
08-Feb-2026 15:46:54.125 INFO [main] org.apache.catalina.startup.VersionLoggerListener.log Command line argument: --add-opens=java.base/java.lang.reflect=ALL-UNNAMED
08-Feb-2026 15:46:54.125 INFO [main] org.apache.catalina.startup.VersionLoggerListener.log Command line argument: --add-opens=java.base/java.io=ALL-UNNAMED
08-Feb-2026 15:46:54.125 INFO [main] org.apache.catalina.startup.VersionLoggerListener.log Command line argument: --add-opens=java.base/java.util=ALL-UNNAMED
08-Feb-2026 15:46:54.125 INFO [main] org.apache.catalina.startup.VersionLoggerListener.log Command line argument: --add-opens=java.base/java.util.concurrent=ALL-UNNAMED
08-Feb-2026 15:46:54.125 INFO [main] org.apache.catalina.startup.VersionLoggerListener.log Command line argument: --add-opens=java.rmi/sun.rmi.transport=ALL-UNNAMED
08-Feb-2026 15:46:54.125 INFO [main] org.apache.catalina.startup.VersionLoggerListener.log Command line argument: -Dcatalina.base=/Users/sahilpatel/Code/DeliverIt/apache-tomcat-10.1.49
08-Feb-2026 15:46:54.125 INFO [main] org.apache.catalina.startup.VersionLoggerListener.log Command line argument: -Dcatalina.home=/Users/sahilpatel/Code/DeliverIt/apache-tomcat-10.1.49
08-Feb-2026 15:46:54.125 INFO [main] org.apache.catalina.startup.VersionLoggerListener.log Command line argument: -Djava.io.tmpdir=/Users/sahilpatel/Code/DeliverIt/apache-tomcat-10.1.49/temp
08-Feb-2026 15:46:54.129 INFO [main] org.apache.catalina.core.AprLifecycleListener.lifecycleEvent The Apache Tomcat Native library which allows using OpenSSL was not found on the java.library.path: [/Users/sahilpatel/Library/Java/Extensions:/Library/Java/Extensions:/Network/Library/Java/Extensions:/System/Library/Java/Extensions:/usr/lib/java:.]
08-Feb-2026 15:46:54.217 INFO [main] org.apache.coyote.AbstractProtocol.init Initializing ProtocolHandler ["http-nio-8080"]
08-Feb-2026 15:46:54.226 INFO [main] org.apache.catalina.startup.Catalina.load Server initialization in [157] milliseconds
08-Feb-2026 15:46:54.237 INFO [main] org.apache.catalina.core.StandardService.startInternal Starting service [Catalina]
08-Feb-2026 15:46:54.237 INFO [main] org.apache.catalina.core.StandardEngine.startInternal Starting Servlet engine: [Apache Tomcat/10.1.49]
08-Feb-2026 15:46:54.242 INFO [main] org.apache.catalina.startup.HostConfig.deployWAR Deploying web application archive [/Users/sahilpatel/Code/DeliverIt/apache-tomcat-10.1.49/webapps/Deliverit-1.5-SNAPSHOT.war]
08-Feb-2026 15:46:54.322 INFO [main] org.apache.catalina.startup.HostConfig.deployWAR Deployment of web application archive [/Users/sahilpatel/Code/DeliverIt/apache-tomcat-10.1.49/webapps/Deliverit-1.5-SNAPSHOT.war] has finished in [80] ms
08-Feb-2026 15:46:54.323 INFO [main] org.apache.catalina.startup.HostConfig.deployWAR Deploying web application archive [/Users/sahilpatel/Code/DeliverIt/apache-tomcat-10.1.49/webapps/DeliverIt-1.2-SNAPSHOT.war]
08-Feb-2026 15:46:54.330 INFO [main] org.apache.catalina.startup.HostConfig.deployWAR Deployment of web application archive [/Users/sahilpatel/Code/DeliverIt/apache-tomcat-10.1.49/webapps/DeliverIt-1.2-SNAPSHOT.war] has finished in [7] ms
08-Feb-2026 15:46:54.331 INFO [main] org.apache.catalina.startup.HostConfig.deployWAR Deploying web application archive [/Users/sahilpatel/Code/DeliverIt/apache-tomcat-10.1.49/webapps/SiyaramamFilmsEnquiry-1.0-SNAPSHOT.war]
08-Feb-2026 15:46:54.338 INFO [main] org.apache.catalina.startup.HostConfig.deployWAR Deployment of web application archive [/Users/sahilpatel/Code/DeliverIt/apache-tomcat-10.1.49/webapps/SiyaramamFilmsEnquiry-1.0-SNAPSHOT.war] has finished in [7] ms
08-Feb-2026 15:46:54.338 INFO [main] org.apache.catalina.startup.HostConfig.deployWAR Deploying web application archive [/Users/sahilpatel/Code/DeliverIt/apache-tomcat-10.1.49/webapps/DeliverIt-1.4-SNAPSHOT.war]
08-Feb-2026 15:46:54.345 INFO [main] org.apache.catalina.startup.HostConfig.deployWAR Deployment of web application archive [/Users/sahilpatel/Code/DeliverIt/apache-tomcat-10.1.49/webapps/DeliverIt-1.4-SNAPSHOT.war] has finished in [7] ms
08-Feb-2026 15:46:54.346 INFO [main] org.apache.catalina.startup.HostConfig.deployWAR Deploying web application archive [/Users/sahilpatel/Code/DeliverIt/apache-tomcat-10.1.49/webapps/Deliverit-1.9-SNAPSHOT.war]
08-Feb-2026 15:46:54.352 INFO [main] org.apache.catalina.startup.HostConfig.deployWAR Deployment of web application archive [/Users/sahilpatel/Code/DeliverIt/apache-tomcat-10.1.49/webapps/Deliverit-1.9-SNAPSHOT.war] has finished in [7] ms
08-Feb-2026 15:46:54.353 INFO [main] org.apache.catalina.startup.HostConfig.deployWAR Deploying web application archive [/Users/sahilpatel/Code/DeliverIt/apache-tomcat-10.1.49/webapps/sample.war]
08-Feb-2026 15:46:54.360 INFO [main] org.apache.catalina.startup.HostConfig.deployWAR Deployment of web application archive [/Users/sahilpatel/Code/DeliverIt/apache-tomcat-10.1.49/webapps/sample.war] has finished in [7] ms
08-Feb-2026 15:46:54.360 INFO [main] org.apache.catalina.startup.HostConfig.deployWAR Deploying web application archive [/Users/sahilpatel/Code/DeliverIt/apache-tomcat-10.1.49/webapps/Deliverit-1.8-SNAPSHOT.war]
08-Feb-2026 15:46:54.366 INFO [main] org.apache.catalina.startup.HostConfig.deployWAR Deployment of web application archive [/Users/sahilpatel/Code/DeliverIt/apache-tomcat-10.1.49/webapps/Deliverit-1.8-SNAPSHOT.war] has finished in [6] ms
08-Feb-2026 15:46:54.366 INFO [main] org.apache.catalina.startup.HostConfig.deployWAR Deploying web application archive [/Users/sahilpatel/Code/DeliverIt/apache-tomcat-10.1.49/webapps/SiyaramamFilmsEnquiry-0.2.war]
08-Feb-2026 15:46:54.372 INFO [main] org.apache.catalina.startup.HostConfig.deployWAR Deployment of web application archive [/Users/sahilpatel/Code/DeliverIt/apache-tomcat-10.1.49/webapps/SiyaramamFilmsEnquiry-0.2.war] has finished in [6] ms
08-Feb-2026 15:46:54.373 INFO [main] org.apache.catalina.startup.HostConfig.deployWAR Deploying web application archive [/Users/sahilpatel/Code/DeliverIt/apache-tomcat-10.1.49/webapps/SiyaramamFilmsEnquiry-0.1.war]
08-Feb-2026 15:46:54.378 INFO [main] org.apache.catalina.startup.HostConfig.deployWAR Deployment of web application archive [/Users/sahilpatel/Code/DeliverIt/apache-tomcat-10.1.49/webapps/SiyaramamFilmsEnquiry-0.1.war] has finished in [5] ms
08-Feb-2026 15:46:54.379 INFO [main] org.apache.catalina.startup.HostConfig.deployWAR Deploying web application archive [/Users/sahilpatel/Code/DeliverIt/apache-tomcat-10.1.49/webapps/Deliverit-1.10-SNAPSHOT.war]
08-Feb-2026 15:46:54.387 INFO [main] org.apache.catalina.startup.HostConfig.deployWAR Deployment of web application archive [/Users/sahilpatel/Code/DeliverIt/apache-tomcat-10.1.49/webapps/Deliverit-1.10-SNAPSHOT.war] has finished in [7] ms
08-Feb-2026 15:46:54.387 INFO [main] org.apache.catalina.startup.HostConfig.deployWAR Deploying web application archive [/Users/sahilpatel/Code/DeliverIt/apache-tomcat-10.1.49/webapps/Deliverit-1.6-SNAPSHOT.war]
08-Feb-2026 15:46:54.392 INFO [main] org.apache.catalina.startup.HostConfig.deployWAR Deployment of web application archive [/Users/sahilpatel/Code/DeliverIt/apache-tomcat-10.1.49/webapps/Deliverit-1.6-SNAPSHOT.war] has finished in [5] ms
08-Feb-2026 15:46:54.393 INFO [main] org.apache.catalina.startup.HostConfig.deployWAR Deploying web application archive [/Users/sahilpatel/Code/DeliverIt/apache-tomcat-10.1.49/webapps/DeliverIt-1.1-SNAPSHOT.war]
08-Feb-2026 15:46:54.397 INFO [main] org.apache.catalina.startup.HostConfig.deployWAR Deployment of web application archive [/Users/sahilpatel/Code/DeliverIt/apache-tomcat-10.1.49/webapps/DeliverIt-1.1-SNAPSHOT.war] has finished in [4] ms
08-Feb-2026 15:46:54.398 INFO [main] org.apache.catalina.startup.HostConfig.deployWAR Deploying web application archive [/Users/sahilpatel/Code/DeliverIt/apache-tomcat-10.1.49/webapps/Deliverit-1.7-SNAPSHOT.war]
08-Feb-2026 15:46:54.403 INFO [main] org.apache.catalina.startup.HostConfig.deployWAR Deployment of web application archive [/Users/sahilpatel/Code/DeliverIt/apache-tomcat-10.1.49/webapps/Deliverit-1.7-SNAPSHOT.war] has finished in [6] ms
08-Feb-2026 15:46:54.403 INFO [main] org.apache.catalina.startup.HostConfig.deployDirectory Deploying web application directory [/Users/sahilpatel/Code/DeliverIt/apache-tomcat-10.1.49/webapps/docs]
08-Feb-2026 15:46:54.408 INFO [main] org.apache.catalina.startup.HostConfig.deployDirectory Deployment of web application directory [/Users/sahilpatel/Code/DeliverIt/apache-tomcat-10.1.49/webapps/docs] has finished in [5] ms
08-Feb-2026 15:46:54.408 INFO [main] org.apache.catalina.startup.HostConfig.deployDirectory Deploying web application directory [/Users/sahilpatel/Code/DeliverIt/apache-tomcat-10.1.49/webapps/manager]
08-Feb-2026 15:46:54.416 INFO [main] org.apache.catalina.startup.HostConfig.deployDirectory Deployment of web application directory [/Users/sahilpatel/Code/DeliverIt/apache-tomcat-10.1.49/webapps/manager] has finished in [8] ms
08-Feb-2026 15:46:54.416 INFO [main] org.apache.catalina.startup.HostConfig.deployDirectory Deploying web application directory [/Users/sahilpatel/Code/DeliverIt/apache-tomcat-10.1.49/webapps/examples]
08-Feb-2026 15:46:54.476 INFO [main] org.apache.catalina.startup.HostConfig.deployDirectory Deployment of web application directory [/Users/sahilpatel/Code/DeliverIt/apache-tomcat-10.1.49/webapps/examples] has finished in [60] ms
08-Feb-2026 15:46:54.476 INFO [main] org.apache.catalina.startup.HostConfig.deployDirectory Deploying web application directory [/Users/sahilpatel/Code/DeliverIt/apache-tomcat-10.1.49/webapps/ROOT]
08-Feb-2026 15:46:54.480 INFO [main] org.apache.catalina.startup.HostConfig.deployDirectory Deployment of web application directory [/Users/sahilpatel/Code/DeliverIt/apache-tomcat-10.1.49/webapps/ROOT] has finished in [4] ms
08-Feb-2026 15:46:54.480 INFO [main] org.apache.catalina.startup.HostConfig.deployDirectory Deploying web application directory [/Users/sahilpatel/Code/DeliverIt/apache-tomcat-10.1.49/webapps/host-manager]
08-Feb-2026 15:46:54.485 INFO [main] org.apache.catalina.startup.HostConfig.deployDirectory Deployment of web application directory [/Users/sahilpatel/Code/DeliverIt/apache-tomcat-10.1.49/webapps/host-manager] has finished in [5] ms
08-Feb-2026 15:46:54.486 INFO [main] org.apache.coyote.AbstractProtocol.start Starting ProtocolHandler ["http-nio-8080"]
08-Feb-2026 15:46:54.490 INFO [main] org.apache.catalina.startup.Catalina.start Server startup in [262] milliseconds
Hello
08-Feb-2026 16:17:46.181 INFO [Catalina-utility-1] org.apache.catalina.startup.HostConfig.deployWAR Deploying web application archive [/Users/sahilpatel/Code/DeliverIt/apache-tomcat-10.1.49/webapps/Deliverit-1.11.war]
08-Feb-2026 16:17:46.211 INFO [Catalina-utility-1] org.apache.catalina.startup.HostConfig.deployWAR Deployment of web application archive [/Users/sahilpatel/Code/DeliverIt/apache-tomcat-10.1.49/webapps/Deliverit-1.11.war] has finished in [30] ms
Hello
08-Feb-2026 16:19:06.786 INFO [Catalina-utility-1] org.apache.catalina.startup.HostConfig.undeploy Undeploying context [/DeliverIt-1.2-SNAPSHOT]
08-Feb-2026 16:19:07.305 INFO [Catalina-utility-1] org.apache.catalina.startup.HostConfig.undeploy Undeploying context [/Deliverit-1.10-SNAPSHOT]
08-Feb-2026 16:19:07.815 INFO [Catalina-utility-1] org.apache.catalina.startup.HostConfig.undeploy Undeploying context [/DeliverIt-1.1-SNAPSHOT]
08-Feb-2026 16:19:08.328 INFO [Catalina-utility-1] org.apache.catalina.startup.HostConfig.undeploy Undeploying context [/Deliverit-1.7-SNAPSHOT]
08-Feb-2026 16:19:08.840 INFO [Catalina-utility-1] org.apache.catalina.startup.HostConfig.undeploy Undeploying context [/Deliverit-1.5-SNAPSHOT]
08-Feb-2026 16:19:09.351 INFO [Catalina-utility-1] org.apache.catalina.startup.HostConfig.undeploy Undeploying context [/Deliverit-1.8-SNAPSHOT]
08-Feb-2026 16:19:09.863 INFO [Catalina-utility-1] org.apache.catalina.startup.HostConfig.undeploy Undeploying context [/DeliverIt-1.4-SNAPSHOT]
08-Feb-2026 16:19:10.375 INFO [Catalina-utility-1] org.apache.catalina.startup.HostConfig.undeploy Undeploying context [/Deliverit-1.9-SNAPSHOT]
08-Feb-2026 16:19:10.886 INFO [Catalina-utility-1] org.apache.catalina.startup.HostConfig.undeploy Undeploying context [/Deliverit-1.6-SNAPSHOT]
08-Feb-2026 16:19:10.891 INFO [Catalina-utility-1] org.apache.catalina.startup.HostConfig.deployWAR Deploying web application archive [/Users/sahilpatel/Code/DeliverIt/apache-tomcat-10.1.49/webapps/Deliverit-1.5-SNAPSHOT.war]
08-Feb-2026 16:19:10.910 INFO [Catalina-utility-1] org.apache.catalina.startup.HostConfig.deployWAR Deployment of web application archive [/Users/sahilpatel/Code/DeliverIt/apache-tomcat-10.1.49/webapps/Deliverit-1.5-SNAPSHOT.war] has finished in [20] ms
08-Feb-2026 16:19:10.911 INFO [Catalina-utility-1] org.apache.catalina.startup.HostConfig.deployWAR Deploying web application archive [/Users/sahilpatel/Code/DeliverIt/apache-tomcat-10.1.49/webapps/DeliverIt-1.2-SNAPSHOT.war]
08-Feb-2026 16:19:10.920 INFO [Catalina-utility-1] org.apache.catalina.startup.HostConfig.deployWAR Deployment of web application archive [/Users/sahilpatel/Code/DeliverIt/apache-tomcat-10.1.49/webapps/DeliverIt-1.2-SNAPSHOT.war] has finished in [9] ms
08-Feb-2026 16:19:10.920 INFO [Catalina-utility-1] org.apache.catalina.startup.HostConfig.deployWAR Deploying web application archive [/Users/sahilpatel/Code/DeliverIt/apache-tomcat-10.1.49/webapps/DeliverIt-1.4-SNAPSHOT.war]
08-Feb-2026 16:19:10.928 INFO [Catalina-utility-1] org.apache.catalina.startup.HostConfig.deployWAR Deployment of web application archive [/Users/sahilpatel/Code/DeliverIt/apache-tomcat-10.1.49/webapps/DeliverIt-1.4-SNAPSHOT.war] has finished in [8] ms
08-Feb-2026 16:19:10.928 INFO [Catalina-utility-1] org.apache.catalina.startup.HostConfig.deployWAR Deploying web application archive [/Users/sahilpatel/Code/DeliverIt/apache-tomcat-10.1.49/webapps/Deliverit-1.9-SNAPSHOT.war]
08-Feb-2026 16:19:10.936 INFO [Catalina-utility-1] org.apache.catalina.startup.HostConfig.deployWAR Deployment of web application archive [/Users/sahilpatel/Code/DeliverIt/apache-tomcat-10.1.49/webapps/Deliverit-1.9-SNAPSHOT.war] has finished in [8] ms
08-Feb-2026 16:19:10.937 INFO [Catalina-utility-1] org.apache.catalina.startup.HostConfig.deployWAR Deploying web application archive [/Users/sahilpatel/Code/DeliverIt/apache-tomcat-10.1.49/webapps/Deliverit-1.8-SNAPSHOT.war]
08-Feb-2026 16:19:10.945 INFO [Catalina-utility-1] org.apache.catalina.startup.HostConfig.deployWAR Deployment of web application archive [/Users/sahilpatel/Code/DeliverIt/apache-tomcat-10.1.49/webapps/Deliverit-1.8-SNAPSHOT.war] has finished in [7] ms
08-Feb-2026 16:19:10.945 INFO [Catalina-utility-1] org.apache.catalina.startup.HostConfig.deployWAR Deploying web application archive [/Users/sahilpatel/Code/DeliverIt/apache-tomcat-10.1.49/webapps/Deliverit-1.10-SNAPSHOT.war]
08-Feb-2026 16:19:10.952 INFO [Catalina-utility-1] org.apache.catalina.startup.HostConfig.deployWAR Deployment of web application archive [/Users/sahilpatel/Code/DeliverIt/apache-tomcat-10.1.49/webapps/Deliverit-1.10-SNAPSHOT.war] has finished in [7] ms
08-Feb-2026 16:19:10.952 INFO [Catalina-utility-1] org.apache.catalina.startup.HostConfig.deployWAR Deploying web application archive [/Users/sahilpatel/Code/DeliverIt/apache-tomcat-10.1.49/webapps/Deliverit-1.6-SNAPSHOT.war]
08-Feb-2026 16:19:10.959 INFO [Catalina-utility-1] org.apache.catalina.startup.HostConfig.deployWAR Deployment of web application archive [/Users/sahilpatel/Code/DeliverIt/apache-tomcat-10.1.49/webapps/Deliverit-1.6-SNAPSHOT.war] has finished in [7] ms
08-Feb-2026 16:19:10.959 INFO [Catalina-utility-1] org.apache.catalina.startup.HostConfig.deployWAR Deploying web application archive [/Users/sahilpatel/Code/DeliverIt/apache-tomcat-10.1.49/webapps/DeliverIt-1.1-SNAPSHOT.war]
08-Feb-2026 16:19:10.964 INFO [Catalina-utility-1] org.apache.catalina.startup.HostConfig.deployWAR Deployment of web application archive [/Users/sahilpatel/Code/DeliverIt/apache-tomcat-10.1.49/webapps/DeliverIt-1.1-SNAPSHOT.war] has finished in [5] ms
08-Feb-2026 16:19:10.965 INFO [Catalina-utility-1] org.apache.catalina.startup.HostConfig.deployWAR Deploying web application archive [/Users/sahilpatel/Code/DeliverIt/apache-tomcat-10.1.49/webapps/Deliverit-1.7-SNAPSHOT.war]
08-Feb-2026 16:19:10.970 INFO [Catalina-utility-1] org.apache.catalina.startup.HostConfig.deployWAR Deployment of web application archive [/Users/sahilpatel/Code/DeliverIt/apache-tomcat-10.1.49/webapps/Deliverit-1.7-SNAPSHOT.war] has finished in [5] ms
08-Feb-2026 16:19:21.477 INFO [Catalina-utility-2] org.apache.catalina.startup.HostConfig.undeploy Undeploying context [/SiyaramamFilmsEnquiry-0.1]
08-Feb-2026 16:19:21.990 INFO [Catalina-utility-2] org.apache.catalina.startup.HostConfig.undeploy Undeploying context [/SiyaramamFilmsEnquiry-1.0-SNAPSHOT]
08-Feb-2026 16:19:22.497 INFO [Catalina-utility-2] org.apache.catalina.startup.HostConfig.undeploy Undeploying context [/SiyaramamFilmsEnquiry-0.2]
08-Feb-2026 16:19:22.505 INFO [Catalina-utility-2] org.apache.catalina.startup.HostConfig.deployWAR Deploying web application archive [/Users/sahilpatel/Code/DeliverIt/apache-tomcat-10.1.49/webapps/SiyaramamFilmsEnquiry-1.0-SNAPSHOT.war]
08-Feb-2026 16:19:22.525 INFO [Catalina-utility-2] org.apache.catalina.startup.HostConfig.deployWAR Deployment of web application archive [/Users/sahilpatel/Code/DeliverIt/apache-tomcat-10.1.49/webapps/SiyaramamFilmsEnquiry-1.0-SNAPSHOT.war] has finished in [21] ms
08-Feb-2026 16:19:22.526 INFO [Catalina-utility-2] org.apache.catalina.startup.HostConfig.deployWAR Deploying web application archive [/Users/sahilpatel/Code/DeliverIt/apache-tomcat-10.1.49/webapps/SiyaramamFilmsEnquiry-0.2.war]
08-Feb-2026 16:19:22.539 INFO [Catalina-utility-2] org.apache.catalina.startup.HostConfig.deployWAR Deployment of web application archive [/Users/sahilpatel/Code/DeliverIt/apache-tomcat-10.1.49/webapps/SiyaramamFilmsEnquiry-0.2.war] has finished in [13] ms
08-Feb-2026 16:19:22.540 INFO [Catalina-utility-2] org.apache.catalina.startup.HostConfig.deployWAR Deploying web application archive [/Users/sahilpatel/Code/DeliverIt/apache-tomcat-10.1.49/webapps/SiyaramamFilmsEnquiry-0.1.war]
08-Feb-2026 16:19:22.552 INFO [Catalina-utility-2] org.apache.catalina.startup.HostConfig.deployWAR Deployment of web application archive [/Users/sahilpatel/Code/DeliverIt/apache-tomcat-10.1.49/webapps/SiyaramamFilmsEnquiry-0.1.war] has finished in [12] ms
08-Feb-2026 16:19:32.559 INFO [Catalina-utility-2] org.apache.catalina.startup.HostConfig.undeploy Undeploying context [/SiyaramamFilmsEnquiry-0.1]
08-Feb-2026 16:19:32.568 INFO [Catalina-utility-2] org.apache.catalina.startup.HostConfig.undeploy Undeploying context [/DeliverIt-1.2-SNAPSHOT]
08-Feb-2026 16:19:32.575 INFO [Catalina-utility-2] org.apache.catalina.startup.HostConfig.undeploy Undeploying context [/Deliverit-1.10-SNAPSHOT]
08-Feb-2026 16:19:32.580 INFO [Catalina-utility-2] org.apache.catalina.startup.HostConfig.undeploy Undeploying context [/SiyaramamFilmsEnquiry-1.0-SNAPSHOT]
08-Feb-2026 16:19:32.586 INFO [Catalina-utility-2] org.apache.catalina.startup.HostConfig.undeploy Undeploying context [/DeliverIt-1.1-SNAPSHOT]
08-Feb-2026 16:19:32.590 INFO [Catalina-utility-2] org.apache.catalina.startup.HostConfig.undeploy Undeploying context [/Deliverit-1.7-SNAPSHOT]
08-Feb-2026 16:19:32.594 INFO [Catalina-utility-2] org.apache.catalina.startup.HostConfig.undeploy Undeploying context [/SiyaramamFilmsEnquiry-0.2]
08-Feb-2026 16:19:32.597 INFO [Catalina-utility-2] org.apache.catalina.startup.HostConfig.undeploy Undeploying context [/Deliverit-1.5-SNAPSHOT]
08-Feb-2026 16:19:32.599 INFO [Catalina-utility-2] org.apache.catalina.startup.HostConfig.undeploy Undeploying context [/Deliverit-1.8-SNAPSHOT]
08-Feb-2026 16:19:32.602 INFO [Catalina-utility-2] org.apache.catalina.startup.HostConfig.undeploy Undeploying context [/DeliverIt-1.4-SNAPSHOT]
08-Feb-2026 16:19:32.604 INFO [Catalina-utility-2] org.apache.catalina.startup.HostConfig.undeploy Undeploying context [/Deliverit-1.9-SNAPSHOT]
08-Feb-2026 16:19:32.606 INFO [Catalina-utility-2] org.apache.catalina.startup.HostConfig.undeploy Undeploying context [/Deliverit-1.6-SNAPSHOT]
10-Feb-2026 08:33:45.089 INFO [Catalina-utility-1] org.apache.catalina.startup.HostConfig.undeploy Undeploying context [/Deliverit-1.11]
10-Feb-2026 08:34:45.133 INFO [Catalina-utility-1] org.apache.catalina.startup.HostConfig.deployWAR Deploying web application archive [/Users/sahilpatel/Code/DeliverIt/apache-tomcat-10.1.49/webapps/Deliverit-2.0.war]
10-Feb-2026 08:34:45.160 INFO [Catalina-utility-1] org.apache.catalina.startup.HostConfig.deployWAR Deployment of web application archive [/Users/sahilpatel/Code/DeliverIt/apache-tomcat-10.1.49/webapps/Deliverit-2.0.war] has finished in [27] ms
